#
# There is insufficient memory for the Java Runtime Environment to continue.
# Native memory allocation (malloc) failed to allocate 1378256 bytes. Error detail: Chunk::new
# Possible reasons:
#   The system is out of physical RAM or swap space
#   This process is running with CompressedOops enabled, and the Java Heap may be blocking the growth of the native heap
# Possible solutions:
#   Reduce memory load on the system
#   Increase physical memory or swap space
#   Check if swap backing store is full
#   Decrease Java heap size (-Xmx/-Xms)
#   Decrease number of Java threads
#   Decrease Java thread stack sizes (-Xss)
#   Set larger code cache with -XX:ReservedCodeCacheSize=
#   JVM is running with Unscaled Compressed Oops mode in which the Java heap is
#     placed in the first 4GB address space. The Java Heap base address is the
#     maximum limit for the native heap growth. Please use -XX:HeapBaseMinAddress
#     to set the Java Heap base and to place the Java Heap above 4GB virtual address.
# This output file may be truncated or incomplete.
#
#  Out of Memory Error (arena.cpp:168), pid=23248, tid=34400
#
# JRE version: OpenJDK Runtime Environment Temurin-21.0.8+9 (21.0.8+9) (build 21.0.8+9-LTS)
# Java VM: OpenJDK 64-Bit Server VM Temurin-21.0.8+9 (21.0.8+9-LTS, mixed mode, sharing, tiered, compressed oops, compressed class ptrs, parallel gc, windows-amd64)
# No core dump will be written. Minidumps are not enabled by default on client versions of Windows
#

---------------  S U M M A R Y ------------

Command Line: --add-modules=ALL-SYSTEM --add-opens=java.base/java.util=ALL-UNNAMED --add-opens=java.base/java.lang=ALL-UNNAMED --add-opens=java.base/sun.nio.fs=ALL-UNNAMED -Declipse.application=org.eclipse.jdt.ls.core.id1 -Dosgi.bundles.defaultStartLevel=4 -Declipse.product=org.eclipse.jdt.ls.core.product -Djava.import.generatesMetadataFilesAtProjectRoot=false -DDetectVMInstallationsJob.disabled=true -Dfile.encoding=utf8 -XX:+UseParallelGC -XX:GCTimeRatio=4 -XX:AdaptiveSizePolicyWeight=90 -Dsun.zip.disableMemoryMapping=true -Xmx2G -Xms100m -Xlog:disable -javaagent:c:\Users\andre\.vscode\extensions\redhat.java-1.44.0-win32-x64\lombok\lombok-1.18.39-4050.jar -XX:+HeapDumpOnOutOfMemoryError -XX:HeapDumpPath=c:\Users\andre\AppData\Roaming\Code\User\workspaceStorage\2d5448ae8308d3bbb337b6c3cdaecd3a\redhat.java -Daether.dependencyCollector.impl=bf c:\Users\andre\.vscode\extensions\redhat.java-1.44.0-win32-x64\server\plugins\org.eclipse.equinox.launcher_1.7.0.v20250519-0528.jar -configuration c:\Users\andre\AppData\Roaming\Code\User\globalStorage\redhat.java\1.44.0\config_win -data c:\Users\andre\AppData\Roaming\Code\User\workspaceStorage\2d5448ae8308d3bbb337b6c3cdaecd3a\redhat.java\jdt_ws --pipe=\\.\pipe\lsp-46a82fc4a2ec20612d04196855d65a4b-sock

Host: AMD Ryzen 5 7520U with Radeon Graphics         , 8 cores, 5G,  Windows 11 , 64 bit Build 22621 (10.0.22621.5415)
Time: Mon Aug  4 20:42:24 2025 Hora est. Pacífico, Sudamérica elapsed time: 14.540819 seconds (0d 0h 0m 14s)

---------------  T H R E A D  ---------------

Current thread (0x0000020b7d3540b0):  JavaThread "C2 CompilerThread1" daemon [_thread_in_native, id=34400, stack(0x00000094f4600000,0x00000094f4700000) (1024K)]


Current CompileTask:
C2:14540 7775       4       org.eclipse.osgi.internal.loader.BundleLoader::addExportedProvidersFor (167 bytes)

Stack: [0x00000094f4600000,0x00000094f4700000]
Native frames: (J=compiled Java code, j=interpreted, Vv=VM code, C=native code)
V  [jvm.dll+0x6d2449]
V  [jvm.dll+0x8ae341]
V  [jvm.dll+0x8b08be]
V  [jvm.dll+0x8b0fa3]
V  [jvm.dll+0x280c96]
V  [jvm.dll+0xc581d]
V  [jvm.dll+0xc5d53]
V  [jvm.dll+0x3b9162]
V  [jvm.dll+0x1e1213]
V  [jvm.dll+0x249022]
V  [jvm.dll+0x2484af]
V  [jvm.dll+0x1c89ee]
V  [jvm.dll+0x257d4d]
V  [jvm.dll+0x2562ea]
V  [jvm.dll+0x3f2d16]
V  [jvm.dll+0x857e6b]
V  [jvm.dll+0x6d0b0d]
C  [ucrtbase.dll+0x29333]
C  [KERNEL32.DLL+0x1259d]
C  [ntdll.dll+0x5af78]


---------------  P R O C E S S  ---------------

Threads class SMR info:
_java_thread_list=0x0000020b7fcac540, length=53, elements={
0x0000020b1c3bce50, 0x0000020b1e79d020, 0x0000020b1e657f80, 0x0000020b1e65b650,
0x0000020b1e65c910, 0x0000020b1e65ead0, 0x0000020b1e65fdc0, 0x0000020b1e664cc0,
0x0000020b1e66a100, 0x0000020b77a57c70, 0x0000020b77d2f040, 0x0000020b7c81add0,
0x0000020b7c82c500, 0x0000020b7cb2d220, 0x0000020b7cb2e060, 0x0000020b7ce32930,
0x0000020b7cad0d00, 0x0000020b7cade400, 0x0000020b7cadc330, 0x0000020b7cadf7b0,
0x0000020b7cadd6e0, 0x0000020b7d3540b0, 0x0000020b7cadc9c0, 0x0000020b7cadea90,
0x0000020b7cadd050, 0x0000020b7cff8b70, 0x0000020b7cff9890, 0x0000020b7cff77c0,
0x0000020b7cff9200, 0x0000020b7cff9f20, 0x0000020b7cff6aa0, 0x0000020b7cff7130,
0x0000020b7cff7e50, 0x0000020b7cff84e0, 0x0000020b7cfafdc0, 0x0000020b7cfb1170,
0x0000020b7cfaf0a0, 0x0000020b7cfb1800, 0x0000020b7cfb0450, 0x0000020b7cfb2520,
0x0000020b7cadf120, 0x0000020b009ee9f0, 0x0000020b009ef080, 0x0000020b009efda0,
0x0000020b009ecfb0, 0x0000020b009edcd0, 0x0000020b009f0430, 0x0000020b009f1150,
0x0000020b009f0ac0, 0x0000020b009f17e0, 0x0000020b009f1e70, 0x0000020b009f2500,
0x0000020b009f2b90
}

Java Threads: ( => current thread )
  0x0000020b1c3bce50 JavaThread "main"                              [_thread_blocked, id=32448, stack(0x00000094f2a00000,0x00000094f2b00000) (1024K)]
  0x0000020b1e79d020 JavaThread "Reference Handler"          daemon [_thread_blocked, id=19628, stack(0x00000094f2e00000,0x00000094f2f00000) (1024K)]
  0x0000020b1e657f80 JavaThread "Finalizer"                  daemon [_thread_blocked, id=17184, stack(0x00000094f2f00000,0x00000094f3000000) (1024K)]
  0x0000020b1e65b650 JavaThread "Signal Dispatcher"          daemon [_thread_blocked, id=34196, stack(0x00000094f3000000,0x00000094f3100000) (1024K)]
  0x0000020b1e65c910 JavaThread "Attach Listener"            daemon [_thread_blocked, id=7692, stack(0x00000094f3100000,0x00000094f3200000) (1024K)]
  0x0000020b1e65ead0 JavaThread "Service Thread"             daemon [_thread_blocked, id=10460, stack(0x00000094f3200000,0x00000094f3300000) (1024K)]
  0x0000020b1e65fdc0 JavaThread "Monitor Deflation Thread"   daemon [_thread_blocked, id=16456, stack(0x00000094f3300000,0x00000094f3400000) (1024K)]
  0x0000020b1e664cc0 JavaThread "C2 CompilerThread0"         daemon [_thread_in_native, id=17584, stack(0x00000094f3400000,0x00000094f3500000) (1024K)]
  0x0000020b1e66a100 JavaThread "C1 CompilerThread0"         daemon [_thread_blocked, id=13048, stack(0x00000094f3500000,0x00000094f3600000) (1024K)]
  0x0000020b77a57c70 JavaThread "Common-Cleaner"             daemon [_thread_blocked, id=21220, stack(0x00000094f3600000,0x00000094f3700000) (1024K)]
  0x0000020b77d2f040 JavaThread "Notification Thread"        daemon [_thread_blocked, id=14072, stack(0x00000094f3800000,0x00000094f3900000) (1024K)]
  0x0000020b7c81add0 JavaThread "Active Thread: Equinox Container: 4ace8bf7-bde1-46b8-baff-a3664b7a3113"        [_thread_blocked, id=24936, stack(0x00000094f3e00000,0x00000094f3f00000) (1024K)]
  0x0000020b7c82c500 JavaThread "Refresh Thread: Equinox Container: 4ace8bf7-bde1-46b8-baff-a3664b7a3113" daemon [_thread_blocked, id=34416, stack(0x00000094f4000000,0x00000094f4100000) (1024K)]
  0x0000020b7cb2d220 JavaThread "Framework Event Dispatcher: Equinox Container: 4ace8bf7-bde1-46b8-baff-a3664b7a3113" daemon [_thread_blocked, id=5296, stack(0x00000094f4200000,0x00000094f4300000) (1024K)]
  0x0000020b7cb2e060 JavaThread "Start Level: Equinox Container: 4ace8bf7-bde1-46b8-baff-a3664b7a3113" daemon [_thread_blocked, id=20672, stack(0x00000094f4300000,0x00000094f4400000) (1024K)]
  0x0000020b7ce32930 JavaThread "Bundle File Closer"         daemon [_thread_blocked, id=10572, stack(0x00000094f4500000,0x00000094f4600000) (1024K)]
  0x0000020b7cad0d00 JavaThread "SCR Component Actor"        daemon [_thread_blocked, id=5484, stack(0x00000094f3f00000,0x00000094f4000000) (1024K)]
  0x0000020b7cade400 JavaThread "Worker-JM"                         [_thread_blocked, id=11748, stack(0x00000094f4700000,0x00000094f4800000) (1024K)]
  0x0000020b7cadc330 JavaThread "JNA Cleaner"                daemon [_thread_blocked, id=26104, stack(0x00000094f4800000,0x00000094f4900000) (1024K)]
  0x0000020b7cadf7b0 JavaThread "Worker-0"                          [_thread_blocked, id=26140, stack(0x00000094f4900000,0x00000094f4a00000) (1024K)]
  0x0000020b7cadd6e0 JavaThread "Worker-1"                          [_thread_blocked, id=34092, stack(0x00000094f4a00000,0x00000094f4b00000) (1024K)]
=>0x0000020b7d3540b0 JavaThread "C2 CompilerThread1"         daemon [_thread_in_native, id=34400, stack(0x00000094f4600000,0x00000094f4700000) (1024K)]
  0x0000020b7cadc9c0 JavaThread "Java indexing"              daemon [_thread_in_Java, id=13504, stack(0x00000094f4b00000,0x00000094f4c00000) (1024K)]
  0x0000020b7cadea90 JavaThread "Worker-2: Java indexing... "        [_thread_blocked, id=5000, stack(0x00000094f4c00000,0x00000094f4d00000) (1024K)]
  0x0000020b7cadd050 JavaThread "Worker-3"                          [_thread_blocked, id=7888, stack(0x00000094f4d00000,0x00000094f4e00000) (1024K)]
  0x0000020b7cff8b70 JavaThread "Worker-4: Building"                [_thread_in_native, id=5244, stack(0x00000094f4e00000,0x00000094f4f00000) (1024K)]
  0x0000020b7cff9890 JavaThread "Thread-2"                   daemon [_thread_in_native, id=2100, stack(0x00000094f4f00000,0x00000094f5000000) (1024K)]
  0x0000020b7cff77c0 JavaThread "Thread-3"                   daemon [_thread_in_native, id=33272, stack(0x00000094f5000000,0x00000094f5100000) (1024K)]
  0x0000020b7cff9200 JavaThread "Thread-4"                   daemon [_thread_in_native, id=30120, stack(0x00000094f5100000,0x00000094f5200000) (1024K)]
  0x0000020b7cff9f20 JavaThread "Thread-5"                   daemon [_thread_in_native, id=15988, stack(0x00000094f5200000,0x00000094f5300000) (1024K)]
  0x0000020b7cff6aa0 JavaThread "Thread-6"                   daemon [_thread_in_native, id=31212, stack(0x00000094f5300000,0x00000094f5400000) (1024K)]
  0x0000020b7cff7130 JavaThread "Thread-7"                   daemon [_thread_in_native, id=5280, stack(0x00000094f5400000,0x00000094f5500000) (1024K)]
  0x0000020b7cff7e50 JavaThread "Thread-8"                   daemon [_thread_in_native, id=19612, stack(0x00000094f5500000,0x00000094f5600000) (1024K)]
  0x0000020b7cff84e0 JavaThread "Thread-9"                   daemon [_thread_in_native, id=21652, stack(0x00000094f5600000,0x00000094f5700000) (1024K)]
  0x0000020b7cfafdc0 JavaThread "Thread-10"                  daemon [_thread_in_native, id=11544, stack(0x00000094f5700000,0x00000094f5800000) (1024K)]
  0x0000020b7cfb1170 JavaThread "pool-2-thread-1"                   [_thread_blocked, id=18232, stack(0x00000094f5800000,0x00000094f5900000) (1024K)]
  0x0000020b7cfaf0a0 JavaThread "Worker-5"                          [_thread_blocked, id=11284, stack(0x00000094f5900000,0x00000094f5a00000) (1024K)]
  0x0000020b7cfb1800 JavaThread "WorkspaceEventsHandler"            [_thread_blocked, id=21760, stack(0x00000094f5a00000,0x00000094f5b00000) (1024K)]
  0x0000020b7cfb0450 JavaThread "pool-1-thread-1"                   [_thread_blocked, id=9624, stack(0x00000094f5b00000,0x00000094f5c00000) (1024K)]
  0x0000020b7cfb2520 JavaThread "LocalFile Deleter"          daemon [_thread_blocked, id=30676, stack(0x00000094f4400000,0x00000094f4500000) (1024K)]
  0x0000020b7cadf120 JavaThread "LocalFile Deleter"          daemon [_thread_blocked, id=7648, stack(0x00000094f5c00000,0x00000094f5d00000) (1024K)]
  0x0000020b009ee9f0 JavaThread "LocalFile Deleter"          daemon [_thread_blocked, id=28976, stack(0x00000094f5d00000,0x00000094f5e00000) (1024K)]
  0x0000020b009ef080 JavaThread "LocalFile Deleter"          daemon [_thread_blocked, id=22604, stack(0x00000094f5e00000,0x00000094f5f00000) (1024K)]
  0x0000020b009efda0 JavaThread "LocalFile Deleter"          daemon [_thread_blocked, id=10164, stack(0x00000094f5f00000,0x00000094f6000000) (1024K)]
  0x0000020b009ecfb0 JavaThread "LocalFile Deleter"          daemon [_thread_blocked, id=29984, stack(0x00000094f6000000,0x00000094f6100000) (1024K)]
  0x0000020b009edcd0 JavaThread "LocalFile Deleter"          daemon [_thread_blocked, id=23768, stack(0x00000094f6100000,0x00000094f6200000) (1024K)]
  0x0000020b009f0430 JavaThread "LocalFile Deleter"          daemon [_thread_blocked, id=25936, stack(0x00000094f6200000,0x00000094f6300000) (1024K)]
  0x0000020b009f1150 JavaThread "Compiler Source File Reader" daemon [_thread_blocked, id=1728, stack(0x00000094f6300000,0x00000094f6400000) (1024K)]
  0x0000020b009f0ac0 JavaThread "Compiler Source File Reader" daemon [_thread_blocked, id=25444, stack(0x00000094f6400000,0x00000094f6500000) (1024K)]
  0x0000020b009f17e0 JavaThread "Compiler Source File Reader" daemon [_thread_blocked, id=3248, stack(0x00000094f6500000,0x00000094f6600000) (1024K)]
  0x0000020b009f1e70 JavaThread "Compiler Source File Reader" daemon [_thread_blocked, id=11724, stack(0x00000094f6600000,0x00000094f6700000) (1024K)]
  0x0000020b009f2500 JavaThread "Compiler Source File Reader" daemon [_thread_blocked, id=6420, stack(0x00000094f6700000,0x00000094f6800000) (1024K)]
  0x0000020b009f2b90 JavaThread "Compiler Source File Reader" daemon [_thread_blocked, id=11276, stack(0x00000094f6800000,0x00000094f6900000) (1024K)]
Total: 53

Other Threads:
  0x0000020b1e6534b0 VMThread "VM Thread"                           [id=8812, stack(0x00000094f2d00000,0x00000094f2e00000) (1024K)]
  0x0000020b1e56ca00 WatcherThread "VM Periodic Task Thread"        [id=10420, stack(0x00000094f2c00000,0x00000094f2d00000) (1024K)]
  0x0000020b1e6feb50 WorkerThread "GC Thread#0"                     [id=23444, stack(0x00000094f2b00000,0x00000094f2c00000) (1024K)]
  0x0000020b7c493310 WorkerThread "GC Thread#1"                     [id=4492, stack(0x00000094f3700000,0x00000094f3800000) (1024K)]
  0x0000020b7c39f200 WorkerThread "GC Thread#2"                     [id=12456, stack(0x00000094f3900000,0x00000094f3a00000) (1024K)]
  0x0000020b7c493ac0 WorkerThread "GC Thread#3"                     [id=18672, stack(0x00000094f3a00000,0x00000094f3b00000) (1024K)]
  0x0000020b7c107350 WorkerThread "GC Thread#4"                     [id=2996, stack(0x00000094f3b00000,0x00000094f3c00000) (1024K)]
  0x0000020b7c1076f0 WorkerThread "GC Thread#5"                     [id=31000, stack(0x00000094f3c00000,0x00000094f3d00000) (1024K)]
  0x0000020b7c107a90 WorkerThread "GC Thread#6"                     [id=29624, stack(0x00000094f3d00000,0x00000094f3e00000) (1024K)]
  0x0000020b7cb528a0 WorkerThread "GC Thread#7"                     [id=9476, stack(0x00000094f4100000,0x00000094f4200000) (1024K)]
Total: 10

Threads with active compile tasks:
C2 CompilerThread0  14770 7909   !   4       org.eclipse.jdt.internal.compiler.classfmt.ClassFileReader::<init> (1968 bytes)
C2 CompilerThread1  14770 7775       4       org.eclipse.osgi.internal.loader.BundleLoader::addExportedProvidersFor (167 bytes)
Total: 2

VM state: not at safepoint (normal execution)

VM Mutex/Monitor currently owned by a thread: None

Heap address: 0x0000000080000000, size: 2048 MB, Compressed Oops mode: 32-bit

CDS archive(s) mapped at: [0x0000020b35000000-0x0000020b35ba0000-0x0000020b35ba0000), size 12189696, SharedBaseAddress: 0x0000020b35000000, ArchiveRelocationMode: 1.
Compressed class space mapped at: 0x0000020b36000000-0x0000020b76000000, reserved size: 1073741824
Narrow klass base: 0x0000020b35000000, Narrow klass shift: 0, Narrow klass range: 0x100000000

GC Precious Log:
 CardTable entry size: 512
 CPUs: 8 total, 8 available
 Memory: 5965M
 Large Page Support: Disabled
 NUMA Support: Disabled
 Compressed Oops: Enabled (32-bit)
 Alignments: Space 512K, Generation 512K, Heap 2M
 Heap Min Capacity: 100M
 Heap Initial Capacity: 100M
 Heap Max Capacity: 2G
 Pre-touch: Disabled
 Parallel Workers: 8

Heap:
 PSYoungGen      total 23552K, used 13018K [0x00000000d5580000, 0x00000000d7200000, 0x0000000100000000)
  eden space 20480K, 50% used [0x00000000d5580000,0x00000000d5fad6d8,0x00000000d6980000)
  from space 3072K, 84% used [0x00000000d6f00000,0x00000000d7189130,0x00000000d7200000)
  to   space 3584K, 0% used [0x00000000d6b00000,0x00000000d6b00000,0x00000000d6e80000)
 ParOldGen       total 68608K, used 45551K [0x0000000080000000, 0x0000000084300000, 0x00000000d5580000)
  object space 68608K, 66% used [0x0000000080000000,0x0000000082c7bc78,0x0000000084300000)
 Metaspace       used 51600K, committed 52864K, reserved 1114112K
  class space    used 5572K, committed 6080K, reserved 1048576K

Card table byte_map: [0x0000020b1e080000,0x0000020b1e490000] _byte_map_base: 0x0000020b1dc80000

Marking Bits: (ParMarkBitMap*) 0x00007ffb9d2ea340
 Begin Bits: [0x0000020b30b80000, 0x0000020b32b80000)
 End Bits:   [0x0000020b32b80000, 0x0000020b34b80000)

Polling page: 0x0000020b1c4d0000

Metaspace:

Usage:
  Non-class:     44.95 MB used.
      Class:      5.44 MB used.
       Both:     50.39 MB used.

Virtual space:
  Non-class space:       64.00 MB reserved,      45.69 MB ( 71%) committed,  1 nodes.
      Class space:        1.00 GB reserved,       5.94 MB ( <1%) committed,  1 nodes.
             Both:        1.06 GB reserved,      51.62 MB (  5%) committed. 

Chunk freelists:
   Non-Class:  1.92 MB
       Class:  10.07 MB
        Both:  11.99 MB

MaxMetaspaceSize: unlimited
CompressedClassSpaceSize: 1.00 GB
Initial GC threshold: 21.00 MB
Current GC threshold: 58.38 MB
CDS: on
 - commit_granule_bytes: 65536.
 - commit_granule_words: 8192.
 - virtual_space_node_default_size: 8388608.
 - enlarge_chunks_in_place: 1.
 - use_allocation_guard: 0.


Internal statistics:

num_allocs_failed_limit: 6.
num_arena_births: 1032.
num_arena_deaths: 14.
num_vsnodes_births: 2.
num_vsnodes_deaths: 0.
num_space_committed: 826.
num_space_uncommitted: 0.
num_chunks_returned_to_freelist: 20.
num_chunks_taken_from_freelist: 3463.
num_chunk_merges: 10.
num_chunk_splits: 2099.
num_chunks_enlarged: 1122.
num_inconsistent_stats: 0.

CodeHeap 'non-profiled nmethods': size=120000Kb used=3278Kb max_used=3278Kb free=116721Kb
 bounds [0x0000020b293a0000, 0x0000020b296e0000, 0x0000020b308d0000]
CodeHeap 'profiled nmethods': size=120000Kb used=15072Kb max_used=15072Kb free=104927Kb
 bounds [0x0000020b218d0000, 0x0000020b22790000, 0x0000020b28e00000]
CodeHeap 'non-nmethods': size=5760Kb used=1394Kb max_used=1449Kb free=4365Kb
 bounds [0x0000020b28e00000, 0x0000020b29070000, 0x0000020b293a0000]
CodeCache: size=245760Kb, used=19744Kb, max_used=19799Kb, free=226013Kb
 total_blobs=8010, nmethods=7310, adapters=606, full_count=0
Compilation: enabled, stopped_count=0, restarted_count=0

Compilation events (20 events):
Event: 14.413 Thread 0x0000020b1e66a100 nmethod 7872 0x0000020b22741910 code [0x0000020b22741b60, 0x0000020b227424e8]
Event: 14.413 Thread 0x0000020b1e66a100 7871       3       org.eclipse.core.internal.dtree.DeltaDataTree::getChildNodes (176 bytes)
Event: 14.414 Thread 0x0000020b1e66a100 nmethod 7871 0x0000020b22742890 code [0x0000020b22742b80, 0x0000020b22743bd8]
Event: 14.414 Thread 0x0000020b1e66a100 7870       3       org.eclipse.core.internal.dtree.AbstractDataTreeNode::assembleWith (502 bytes)
Event: 14.415 Thread 0x0000020b1e66a100 nmethod 7870 0x0000020b22744290 code [0x0000020b22744600, 0x0000020b22746858]
Event: 14.415 Thread 0x0000020b1e66a100 7874       3       org.eclipse.core.internal.dtree.DataTreeNode::copy (69 bytes)
Event: 14.415 Thread 0x0000020b1e66a100 nmethod 7874 0x0000020b22747210 code [0x0000020b22747400, 0x0000020b22747908]
Event: 14.415 Thread 0x0000020b1e66a100 7875       3       java.nio.CharBuffer::flip (7 bytes)
Event: 14.416 Thread 0x0000020b1e66a100 nmethod 7875 0x0000020b22747b10 code [0x0000020b22747cc0, 0x0000020b22747e40]
Event: 14.418 Thread 0x0000020b1e66a100 7876       3       org.eclipse.core.internal.watson.ElementTreeIterator::requestPath (100 bytes)
Event: 14.419 Thread 0x0000020b1e66a100 nmethod 7876 0x0000020b22747f10 code [0x0000020b227481a0, 0x0000020b22748ba0]
Event: 14.419 Thread 0x0000020b1e66a100 7877       3       org.eclipse.core.internal.dtree.DeltaDataTree::lookup (158 bytes)
Event: 14.420 Thread 0x0000020b1e66a100 nmethod 7877 0x0000020b22749090 code [0x0000020b22749320, 0x0000020b22749f78]
Event: 14.420 Thread 0x0000020b1e66a100 7878       1       com.sun.jna.internal.Cleaner$CleanerRef::getNext (5 bytes)
Event: 14.421 Thread 0x0000020b1e66a100 nmethod 7878 0x0000020b296b8610 code [0x0000020b296b87a0, 0x0000020b296b8868]
Event: 14.421 Thread 0x0000020b1e66a100 7879       3       org.eclipse.core.runtime.Path::removeTrailingSeparator (32 bytes)
Event: 14.421 Thread 0x0000020b1e66a100 nmethod 7879 0x0000020b2274a410 code [0x0000020b2274a5e0, 0x0000020b2274a8b8]
Event: 14.476 Thread 0x0000020b1e66a100 7882       3       org.eclipse.core.runtime.Path::removeFirstSegments (91 bytes)
Event: 14.476 Thread 0x0000020b1e66a100 nmethod 7882 0x0000020b2274a990 code [0x0000020b2274abc0, 0x0000020b2274b2f0]
Event: 14.478 Thread 0x0000020b1e66a100 7883       3       org.eclipse.jdt.internal.compiler.parser.Scanner::internalScanIdentifierOrKeyword (5041 bytes)

GC Heap History (20 events):
Event: 11.743 GC heap before
{Heap before GC invocations=21 (full 2):
 PSYoungGen      total 24576K, used 24320K [0x00000000d5580000, 0x00000000d7100000, 0x0000000100000000)
  eden space 22016K, 100% used [0x00000000d5580000,0x00000000d6b00000,0x00000000d6b00000)
  from space 2560K, 90% used [0x00000000d6e80000,0x00000000d70c0060,0x00000000d7100000)
  to   space 2560K, 0% used [0x00000000d6c00000,0x00000000d6c00000,0x00000000d6e80000)
 ParOldGen       total 68608K, used 23922K [0x0000000080000000, 0x0000000084300000, 0x00000000d5580000)
  object space 68608K, 34% used [0x0000000080000000,0x000000008175c818,0x0000000084300000)
 Metaspace       used 44253K, committed 45440K, reserved 1114112K
  class space    used 4756K, committed 5312K, reserved 1048576K
}
Event: 11.748 GC heap after
{Heap after GC invocations=21 (full 2):
 PSYoungGen      total 24576K, used 2065K [0x00000000d5580000, 0x00000000d7000000, 0x0000000100000000)
  eden space 22016K, 0% used [0x00000000d5580000,0x00000000d5580000,0x00000000d6b00000)
  from space 2560K, 80% used [0x00000000d6c00000,0x00000000d6e04400,0x00000000d6e80000)
  to   space 1536K, 0% used [0x00000000d6e80000,0x00000000d6e80000,0x00000000d7000000)
 ParOldGen       total 68608K, used 26069K [0x0000000080000000, 0x0000000084300000, 0x00000000d5580000)
  object space 68608K, 37% used [0x0000000080000000,0x0000000081975598,0x0000000084300000)
 Metaspace       used 44253K, committed 45440K, reserved 1114112K
  class space    used 4756K, committed 5312K, reserved 1048576K
}
Event: 11.844 GC heap before
{Heap before GC invocations=22 (full 2):
 PSYoungGen      total 24576K, used 24081K [0x00000000d5580000, 0x00000000d7000000, 0x0000000100000000)
  eden space 22016K, 100% used [0x00000000d5580000,0x00000000d6b00000,0x00000000d6b00000)
  from space 2560K, 80% used [0x00000000d6c00000,0x00000000d6e04400,0x00000000d6e80000)
  to   space 1536K, 0% used [0x00000000d6e80000,0x00000000d6e80000,0x00000000d7000000)
 ParOldGen       total 68608K, used 26069K [0x0000000080000000, 0x0000000084300000, 0x00000000d5580000)
  object space 68608K, 37% used [0x0000000080000000,0x0000000081975598,0x0000000084300000)
 Metaspace       used 44775K, committed 46016K, reserved 1114112K
  class space    used 4812K, committed 5376K, reserved 1048576K
}
Event: 11.848 GC heap after
{Heap after GC invocations=22 (full 2):
 PSYoungGen      total 22016K, used 1506K [0x00000000d5580000, 0x00000000d7500000, 0x0000000100000000)
  eden space 20480K, 0% used [0x00000000d5580000,0x00000000d5580000,0x00000000d6980000)
  from space 1536K, 98% used [0x00000000d6e80000,0x00000000d6ff8810,0x00000000d7000000)
  to   space 5120K, 0% used [0x00000000d6980000,0x00000000d6980000,0x00000000d6e80000)
 ParOldGen       total 68608K, used 28827K [0x0000000080000000, 0x0000000084300000, 0x00000000d5580000)
  object space 68608K, 42% used [0x0000000080000000,0x0000000081c26c28,0x0000000084300000)
 Metaspace       used 44775K, committed 46016K, reserved 1114112K
  class space    used 4812K, committed 5376K, reserved 1048576K
}
Event: 11.950 GC heap before
{Heap before GC invocations=23 (full 2):
 PSYoungGen      total 22016K, used 21986K [0x00000000d5580000, 0x00000000d7500000, 0x0000000100000000)
  eden space 20480K, 100% used [0x00000000d5580000,0x00000000d6980000,0x00000000d6980000)
  from space 1536K, 98% used [0x00000000d6e80000,0x00000000d6ff8810,0x00000000d7000000)
  to   space 5120K, 0% used [0x00000000d6980000,0x00000000d6980000,0x00000000d6e80000)
 ParOldGen       total 68608K, used 28827K [0x0000000080000000, 0x0000000084300000, 0x00000000d5580000)
  object space 68608K, 42% used [0x0000000080000000,0x0000000081c26c28,0x0000000084300000)
 Metaspace       used 45125K, committed 46336K, reserved 1114112K
  class space    used 4859K, committed 5440K, reserved 1048576K
}
Event: 11.954 GC heap after
{Heap after GC invocations=23 (full 2):
 PSYoungGen      total 23040K, used 2452K [0x00000000d5580000, 0x00000000d7080000, 0x0000000100000000)
  eden space 20480K, 0% used [0x00000000d5580000,0x00000000d5580000,0x00000000d6980000)
  from space 2560K, 95% used [0x00000000d6980000,0x00000000d6be53c8,0x00000000d6c00000)
  to   space 3584K, 0% used [0x00000000d6d00000,0x00000000d6d00000,0x00000000d7080000)
 ParOldGen       total 68608K, used 30215K [0x0000000080000000, 0x0000000084300000, 0x00000000d5580000)
  object space 68608K, 44% used [0x0000000080000000,0x0000000081d81c68,0x0000000084300000)
 Metaspace       used 45125K, committed 46336K, reserved 1114112K
  class space    used 4859K, committed 5440K, reserved 1048576K
}
Event: 12.043 GC heap before
{Heap before GC invocations=24 (full 2):
 PSYoungGen      total 23040K, used 22932K [0x00000000d5580000, 0x00000000d7080000, 0x0000000100000000)
  eden space 20480K, 100% used [0x00000000d5580000,0x00000000d6980000,0x00000000d6980000)
  from space 2560K, 95% used [0x00000000d6980000,0x00000000d6be53c8,0x00000000d6c00000)
  to   space 3584K, 0% used [0x00000000d6d00000,0x00000000d6d00000,0x00000000d7080000)
 ParOldGen       total 68608K, used 30215K [0x0000000080000000, 0x0000000084300000, 0x00000000d5580000)
  object space 68608K, 44% used [0x0000000080000000,0x0000000081d81c68,0x0000000084300000)
 Metaspace       used 45328K, committed 46592K, reserved 1114112K
  class space    used 4888K, committed 5440K, reserved 1048576K
}
Event: 12.047 GC heap after
{Heap after GC invocations=24 (full 2):
 PSYoungGen      total 23040K, used 2231K [0x00000000d5580000, 0x00000000d6f80000, 0x0000000100000000)
  eden space 20480K, 0% used [0x00000000d5580000,0x00000000d5580000,0x00000000d6980000)
  from space 2560K, 87% used [0x00000000d6d00000,0x00000000d6f2df08,0x00000000d6f80000)
  to   space 2560K, 0% used [0x00000000d6980000,0x00000000d6980000,0x00000000d6c00000)
 ParOldGen       total 68608K, used 32465K [0x0000000080000000, 0x0000000084300000, 0x00000000d5580000)
  object space 68608K, 47% used [0x0000000080000000,0x0000000081fb46c0,0x0000000084300000)
 Metaspace       used 45328K, committed 46592K, reserved 1114112K
  class space    used 4888K, committed 5440K, reserved 1048576K
}
Event: 12.180 GC heap before
{Heap before GC invocations=25 (full 2):
 PSYoungGen      total 23040K, used 22711K [0x00000000d5580000, 0x00000000d6f80000, 0x0000000100000000)
  eden space 20480K, 100% used [0x00000000d5580000,0x00000000d6980000,0x00000000d6980000)
  from space 2560K, 87% used [0x00000000d6d00000,0x00000000d6f2df08,0x00000000d6f80000)
  to   space 2560K, 0% used [0x00000000d6980000,0x00000000d6980000,0x00000000d6c00000)
 ParOldGen       total 68608K, used 32465K [0x0000000080000000, 0x0000000084300000, 0x00000000d5580000)
  object space 68608K, 47% used [0x0000000080000000,0x0000000081fb46c0,0x0000000084300000)
 Metaspace       used 45655K, committed 46912K, reserved 1114112K
  class space    used 4931K, committed 5504K, reserved 1048576K
}
Event: 12.185 GC heap after
{Heap after GC invocations=25 (full 2):
 PSYoungGen      total 23040K, used 2368K [0x00000000d5580000, 0x00000000d6e80000, 0x0000000100000000)
  eden space 20480K, 0% used [0x00000000d5580000,0x00000000d5580000,0x00000000d6980000)
  from space 2560K, 92% used [0x00000000d6980000,0x00000000d6bd0010,0x00000000d6c00000)
  to   space 2560K, 0% used [0x00000000d6c00000,0x00000000d6c00000,0x00000000d6e80000)
 ParOldGen       total 68608K, used 34555K [0x0000000080000000, 0x0000000084300000, 0x00000000d5580000)
  object space 68608K, 50% used [0x0000000080000000,0x00000000821bee08,0x0000000084300000)
 Metaspace       used 45655K, committed 46912K, reserved 1114112K
  class space    used 4931K, committed 5504K, reserved 1048576K
}
Event: 12.267 GC heap before
{Heap before GC invocations=26 (full 2):
 PSYoungGen      total 23040K, used 22844K [0x00000000d5580000, 0x00000000d6e80000, 0x0000000100000000)
  eden space 20480K, 99% used [0x00000000d5580000,0x00000000d697f258,0x00000000d6980000)
  from space 2560K, 92% used [0x00000000d6980000,0x00000000d6bd0010,0x00000000d6c00000)
  to   space 2560K, 0% used [0x00000000d6c00000,0x00000000d6c00000,0x00000000d6e80000)
 ParOldGen       total 68608K, used 34555K [0x0000000080000000, 0x0000000084300000, 0x00000000d5580000)
  object space 68608K, 50% used [0x0000000080000000,0x00000000821bee08,0x0000000084300000)
 Metaspace       used 45987K, committed 47168K, reserved 1114112K
  class space    used 4982K, committed 5504K, reserved 1048576K
}
Event: 12.271 GC heap after
{Heap after GC invocations=26 (full 2):
 PSYoungGen      total 23040K, used 2139K [0x00000000d5580000, 0x00000000d6e80000, 0x0000000100000000)
  eden space 20480K, 0% used [0x00000000d5580000,0x00000000d5580000,0x00000000d6980000)
  from space 2560K, 83% used [0x00000000d6c00000,0x00000000d6e16c08,0x00000000d6e80000)
  to   space 2560K, 0% used [0x00000000d6980000,0x00000000d6980000,0x00000000d6c00000)
 ParOldGen       total 68608K, used 36801K [0x0000000080000000, 0x0000000084300000, 0x00000000d5580000)
  object space 68608K, 53% used [0x0000000080000000,0x00000000823f05b0,0x0000000084300000)
 Metaspace       used 45987K, committed 47168K, reserved 1114112K
  class space    used 4982K, committed 5504K, reserved 1048576K
}
Event: 12.595 GC heap before
{Heap before GC invocations=27 (full 2):
 PSYoungGen      total 23040K, used 22618K [0x00000000d5580000, 0x00000000d6e80000, 0x0000000100000000)
  eden space 20480K, 99% used [0x00000000d5580000,0x00000000d697ffe0,0x00000000d6980000)
  from space 2560K, 83% used [0x00000000d6c00000,0x00000000d6e16c08,0x00000000d6e80000)
  to   space 2560K, 0% used [0x00000000d6980000,0x00000000d6980000,0x00000000d6c00000)
 ParOldGen       total 68608K, used 36801K [0x0000000080000000, 0x0000000084300000, 0x00000000d5580000)
  object space 68608K, 53% used [0x0000000080000000,0x00000000823f05b0,0x0000000084300000)
 Metaspace       used 47662K, committed 48896K, reserved 1114112K
  class space    used 5157K, committed 5696K, reserved 1048576K
}
Event: 12.598 GC heap after
{Heap after GC invocations=27 (full 2):
 PSYoungGen      total 23040K, used 2551K [0x00000000d5580000, 0x00000000d7380000, 0x0000000100000000)
  eden space 20480K, 0% used [0x00000000d5580000,0x00000000d5580000,0x00000000d6980000)
  from space 2560K, 99% used [0x00000000d6980000,0x00000000d6bfddf8,0x00000000d6c00000)
  to   space 5120K, 0% used [0x00000000d6e80000,0x00000000d6e80000,0x00000000d7380000)
 ParOldGen       total 68608K, used 38908K [0x0000000080000000, 0x0000000084300000, 0x00000000d5580000)
  object space 68608K, 56% used [0x0000000080000000,0x00000000825ff3f8,0x0000000084300000)
 Metaspace       used 47662K, committed 48896K, reserved 1114112K
  class space    used 5157K, committed 5696K, reserved 1048576K
}
Event: 12.914 GC heap before
{Heap before GC invocations=28 (full 2):
 PSYoungGen      total 23040K, used 23031K [0x00000000d5580000, 0x00000000d7380000, 0x0000000100000000)
  eden space 20480K, 100% used [0x00000000d5580000,0x00000000d6980000,0x00000000d6980000)
  from space 2560K, 99% used [0x00000000d6980000,0x00000000d6bfddf8,0x00000000d6c00000)
  to   space 5120K, 0% used [0x00000000d6e80000,0x00000000d6e80000,0x00000000d7380000)
 ParOldGen       total 68608K, used 38908K [0x0000000080000000, 0x0000000084300000, 0x00000000d5580000)
  object space 68608K, 56% used [0x0000000080000000,0x00000000825ff3f8,0x0000000084300000)
 Metaspace       used 48595K, committed 49792K, reserved 1114112K
  class space    used 5270K, committed 5824K, reserved 1048576K
}
Event: 12.917 GC heap after
{Heap after GC invocations=28 (full 2):
 PSYoungGen      total 22528K, used 1690K [0x00000000d5580000, 0x00000000d7080000, 0x0000000100000000)
  eden space 20480K, 0% used [0x00000000d5580000,0x00000000d5580000,0x00000000d6980000)
  from space 2048K, 82% used [0x00000000d6e80000,0x00000000d70268a0,0x00000000d7080000)
  to   space 3072K, 0% used [0x00000000d6a80000,0x00000000d6a80000,0x00000000d6d80000)
 ParOldGen       total 68608K, used 41366K [0x0000000080000000, 0x0000000084300000, 0x00000000d5580000)
  object space 68608K, 60% used [0x0000000080000000,0x00000000828659b0,0x0000000084300000)
 Metaspace       used 48595K, committed 49792K, reserved 1114112K
  class space    used 5270K, committed 5824K, reserved 1048576K
}
Event: 13.364 GC heap before
{Heap before GC invocations=29 (full 2):
 PSYoungGen      total 22528K, used 22170K [0x00000000d5580000, 0x00000000d7080000, 0x0000000100000000)
  eden space 20480K, 100% used [0x00000000d5580000,0x00000000d6980000,0x00000000d6980000)
  from space 2048K, 82% used [0x00000000d6e80000,0x00000000d70268a0,0x00000000d7080000)
  to   space 3072K, 0% used [0x00000000d6a80000,0x00000000d6a80000,0x00000000d6d80000)
 ParOldGen       total 68608K, used 41366K [0x0000000080000000, 0x0000000084300000, 0x00000000d5580000)
  object space 68608K, 60% used [0x0000000080000000,0x00000000828659b0,0x0000000084300000)
 Metaspace       used 49837K, committed 51072K, reserved 1114112K
  class space    used 5374K, committed 5888K, reserved 1048576K
}
Event: 13.368 GC heap after
{Heap after GC invocations=29 (full 2):
 PSYoungGen      total 23552K, used 3044K [0x00000000d5580000, 0x00000000d7480000, 0x0000000100000000)
  eden space 20480K, 0% used [0x00000000d5580000,0x00000000d5580000,0x00000000d6980000)
  from space 3072K, 99% used [0x00000000d6a80000,0x00000000d6d79028,0x00000000d6d80000)
  to   space 5632K, 0% used [0x00000000d6f00000,0x00000000d6f00000,0x00000000d7480000)
 ParOldGen       total 68608K, used 42958K [0x0000000080000000, 0x0000000084300000, 0x00000000d5580000)
  object space 68608K, 62% used [0x0000000080000000,0x00000000829f3988,0x0000000084300000)
 Metaspace       used 49837K, committed 51072K, reserved 1114112K
  class space    used 5374K, committed 5888K, reserved 1048576K
}
Event: 14.017 GC heap before
{Heap before GC invocations=30 (full 2):
 PSYoungGen      total 23552K, used 23524K [0x00000000d5580000, 0x00000000d7480000, 0x0000000100000000)
  eden space 20480K, 100% used [0x00000000d5580000,0x00000000d6980000,0x00000000d6980000)
  from space 3072K, 99% used [0x00000000d6a80000,0x00000000d6d79028,0x00000000d6d80000)
  to   space 5632K, 0% used [0x00000000d6f00000,0x00000000d6f00000,0x00000000d7480000)
 ParOldGen       total 68608K, used 42958K [0x0000000080000000, 0x0000000084300000, 0x00000000d5580000)
  object space 68608K, 62% used [0x0000000080000000,0x00000000829f3988,0x0000000084300000)
 Metaspace       used 51318K, committed 52608K, reserved 1114112K
  class space    used 5529K, committed 6080K, reserved 1048576K
}
Event: 14.020 GC heap after
{Heap after GC invocations=30 (full 2):
 PSYoungGen      total 23552K, used 2596K [0x00000000d5580000, 0x00000000d7200000, 0x0000000100000000)
  eden space 20480K, 0% used [0x00000000d5580000,0x00000000d5580000,0x00000000d6980000)
  from space 3072K, 84% used [0x00000000d6f00000,0x00000000d7189130,0x00000000d7200000)
  to   space 3584K, 0% used [0x00000000d6b00000,0x00000000d6b00000,0x00000000d6e80000)
 ParOldGen       total 68608K, used 45551K [0x0000000080000000, 0x0000000084300000, 0x00000000d5580000)
  object space 68608K, 66% used [0x0000000080000000,0x0000000082c7bc78,0x0000000084300000)
 Metaspace       used 51318K, committed 52608K, reserved 1114112K
  class space    used 5529K, committed 6080K, reserved 1048576K
}

Dll operation events (10 events):
Event: 0.023 Loaded shared library c:\Users\andre\.vscode\extensions\redhat.java-1.44.0-win32-x64\jre\21.0.8-win32-x86_64\bin\java.dll
Event: 0.143 Loaded shared library c:\Users\andre\.vscode\extensions\redhat.java-1.44.0-win32-x64\jre\21.0.8-win32-x86_64\bin\zip.dll
Event: 0.179 Loaded shared library C:\Users\andre\.vscode\extensions\redhat.java-1.44.0-win32-x64\jre\21.0.8-win32-x86_64\bin\instrument.dll
Event: 0.190 Loaded shared library C:\Users\andre\.vscode\extensions\redhat.java-1.44.0-win32-x64\jre\21.0.8-win32-x86_64\bin\net.dll
Event: 0.194 Loaded shared library C:\Users\andre\.vscode\extensions\redhat.java-1.44.0-win32-x64\jre\21.0.8-win32-x86_64\bin\nio.dll
Event: 0.200 Loaded shared library C:\Users\andre\.vscode\extensions\redhat.java-1.44.0-win32-x64\jre\21.0.8-win32-x86_64\bin\zip.dll
Event: 0.227 Loaded shared library C:\Users\andre\.vscode\extensions\redhat.java-1.44.0-win32-x64\jre\21.0.8-win32-x86_64\bin\jimage.dll
Event: 0.357 Loaded shared library c:\Users\andre\.vscode\extensions\redhat.java-1.44.0-win32-x64\jre\21.0.8-win32-x86_64\bin\verify.dll
Event: 3.071 Loaded shared library C:\Users\andre\AppData\Roaming\Code\User\globalStorage\redhat.java\1.44.0\config_win\org.eclipse.equinox.launcher\org.eclipse.equinox.launcher.win32.win32.x86_64_1.2.1400.v20250730-1736\eclipse_11913.dll
Event: 7.308 Loaded shared library C:\Users\andre\AppData\Local\Temp\jna-92958282\jna8022406873199278846.dll

Deoptimization events (20 events):
Event: 13.693 Thread 0x0000020b7cadc9c0 DEOPT PACKING pc=0x0000020b223eb56a sp=0x00000094f4bfe350
Event: 13.693 Thread 0x0000020b7cadc9c0 DEOPT UNPACKING pc=0x0000020b28e54242 sp=0x00000094f4bfd7d8 mode 0
Event: 13.705 Thread 0x0000020b7cadc9c0 DEOPT PACKING pc=0x0000020b22415c74 sp=0x00000094f4bfe520
Event: 13.705 Thread 0x0000020b7cadc9c0 DEOPT UNPACKING pc=0x0000020b28e54242 sp=0x00000094f4bfd998 mode 0
Event: 13.708 Thread 0x0000020b7cadc9c0 DEOPT PACKING pc=0x0000020b2253a9d3 sp=0x00000094f4bfe4d0
Event: 13.708 Thread 0x0000020b7cadc9c0 DEOPT UNPACKING pc=0x0000020b28e54242 sp=0x00000094f4bfda38 mode 0
Event: 13.708 Thread 0x0000020b7cadc9c0 DEOPT PACKING pc=0x0000020b223eb56a sp=0x00000094f4bfe2f0
Event: 13.708 Thread 0x0000020b7cadc9c0 DEOPT UNPACKING pc=0x0000020b28e54242 sp=0x00000094f4bfd778 mode 0
Event: 13.725 Thread 0x0000020b7cadc9c0 DEOPT PACKING pc=0x0000020b223eb56a sp=0x00000094f4bfe610
Event: 13.725 Thread 0x0000020b7cadc9c0 DEOPT UNPACKING pc=0x0000020b28e54242 sp=0x00000094f4bfda98 mode 0
Event: 13.725 Thread 0x0000020b7cadc9c0 DEOPT PACKING pc=0x0000020b22415c74 sp=0x00000094f4bfe580
Event: 13.725 Thread 0x0000020b7cadc9c0 DEOPT UNPACKING pc=0x0000020b28e54242 sp=0x00000094f4bfd9f8 mode 0
Event: 13.726 Thread 0x0000020b7cadc9c0 DEOPT PACKING pc=0x0000020b2266558c sp=0x00000094f4bfe250
Event: 13.726 Thread 0x0000020b7cadc9c0 DEOPT UNPACKING pc=0x0000020b28e54242 sp=0x00000094f4bfd758 mode 0
Event: 13.913 Thread 0x0000020b7cff8b70 Uncommon trap: trap_request=0xffffffde fr.pc=0x0000020b293fd134 relative=0x0000000000000dd4
Event: 13.913 Thread 0x0000020b7cff8b70 Uncommon trap: reason=class_check action=maybe_recompile pc=0x0000020b293fd134 method=java.util.HashMap.putVal(ILjava/lang/Object;Ljava/lang/Object;ZZ)Ljava/lang/Object; @ 203 c2
Event: 13.913 Thread 0x0000020b7cff8b70 DEOPT PACKING pc=0x0000020b293fd134 sp=0x00000094f4efe450
Event: 13.914 Thread 0x0000020b7cff8b70 DEOPT UNPACKING pc=0x0000020b28e53aa2 sp=0x00000094f4efe2e8 mode 2
Event: 14.263 Thread 0x0000020b7cadc9c0 DEOPT PACKING pc=0x0000020b224ffbb0 sp=0x00000094f4bfe520
Event: 14.263 Thread 0x0000020b7cadc9c0 DEOPT UNPACKING pc=0x0000020b28e54242 sp=0x00000094f4bfd958 mode 0

Classes loaded (20 events):
Event: 12.526 Loading class java/util/concurrent/CompletableFuture$AltResult
Event: 12.526 Loading class java/util/concurrent/CompletableFuture$AltResult done
Event: 12.527 Loading class java/util/concurrent/CompletableFuture$Completion
Event: 12.527 Loading class java/util/concurrent/CompletableFuture$AsynchronousCompletionTask
Event: 12.527 Loading class java/util/concurrent/CompletableFuture$AsynchronousCompletionTask done
Event: 12.536 Loading class java/util/concurrent/CompletableFuture$Completion done
Event: 12.541 Loading class sun/nio/ch/WindowsAsynchronousFileChannelImpl$WriteTask
Event: 12.542 Loading class sun/nio/ch/WindowsAsynchronousFileChannelImpl$WriteTask done
Event: 12.555 Loading class jdk/internal/math/FormattedFPDecimal
Event: 12.556 Loading class jdk/internal/math/FormattedFPDecimal done
Event: 12.636 Loading class java/util/regex/Pattern$Pos
Event: 12.636 Loading class java/util/regex/Pattern$Pos done
Event: 12.663 Loading class sun/security/provider/MD5
Event: 12.664 Loading class sun/security/provider/MD5 done
Event: 12.664 Loading class sun/security/provider/ByteArrayAccess$LE
Event: 12.664 Loading class sun/security/provider/ByteArrayAccess$LE done
Event: 13.097 Loading class java/util/ImmutableCollections$SubList
Event: 13.098 Loading class java/util/ImmutableCollections$SubList done
Event: 14.031 Loading class java/util/concurrent/ForkJoinTask$AdaptedCallable
Event: 14.031 Loading class java/util/concurrent/ForkJoinTask$AdaptedCallable done

Classes unloaded (7 events):
Event: 8.399 Thread 0x0000020b1e6534b0 Unloading class 0x0000020b361ab800 'java/lang/invoke/LambdaForm$MH+0x0000020b361ab800'
Event: 8.399 Thread 0x0000020b1e6534b0 Unloading class 0x0000020b361ab400 'java/lang/invoke/LambdaForm$MH+0x0000020b361ab400'
Event: 8.399 Thread 0x0000020b1e6534b0 Unloading class 0x0000020b361ab000 'java/lang/invoke/LambdaForm$MH+0x0000020b361ab000'
Event: 8.399 Thread 0x0000020b1e6534b0 Unloading class 0x0000020b361aac00 'java/lang/invoke/LambdaForm$MH+0x0000020b361aac00'
Event: 8.399 Thread 0x0000020b1e6534b0 Unloading class 0x0000020b361aa800 'java/lang/invoke/LambdaForm$BMH+0x0000020b361aa800'
Event: 8.399 Thread 0x0000020b1e6534b0 Unloading class 0x0000020b361aa400 'java/lang/invoke/LambdaForm$DMH+0x0000020b361aa400'
Event: 8.399 Thread 0x0000020b1e6534b0 Unloading class 0x0000020b361a9000 'java/lang/invoke/LambdaForm$DMH+0x0000020b361a9000'

Classes redefined (0 events):
No events

Internal exceptions (20 events):
Event: 13.072 Thread 0x0000020b7cff8b70 Exception <a 'java/io/FileNotFoundException'{0x00000000d5d18028}> (0x00000000d5d18028) 
thrown [s\src\hotspot\share\prims\jni.cpp, line 520]
Event: 13.072 Thread 0x0000020b7cff8b70 Exception <a 'java/io/FileNotFoundException'{0x00000000d5d19078}> (0x00000000d5d19078) 
thrown [s\src\hotspot\share\prims\jni.cpp, line 520]
Event: 13.139 Thread 0x0000020b7cadc9c0 Implicit null exception at 0x0000020b2962fa5a to 0x0000020b2962fb58
Event: 14.029 Thread 0x0000020b7cff8b70 Exception <a 'sun/nio/fs/WindowsException'{0x00000000d5595da0}> (0x00000000d5595da0) 
thrown [s\src\hotspot\share\prims\jni.cpp, line 520]
Event: 14.035 Thread 0x0000020b7cfb2520 Exception <a 'sun/nio/fs/WindowsException'{0x00000000d564f300}> (0x00000000d564f300) 
thrown [s\src\hotspot\share\prims\jni.cpp, line 520]
Event: 14.042 Thread 0x0000020b7cadf120 Exception <a 'sun/nio/fs/WindowsException'{0x00000000d56821a0}> (0x00000000d56821a0) 
thrown [s\src\hotspot\share\prims\jni.cpp, line 520]
Event: 14.043 Thread 0x0000020b009ee9f0 Exception <a 'sun/nio/fs/WindowsException'{0x00000000d568db78}> (0x00000000d568db78) 
thrown [s\src\hotspot\share\prims\jni.cpp, line 520]
Event: 14.044 Thread 0x0000020b009efda0 Exception <a 'sun/nio/fs/WindowsException'{0x00000000d5699290}> (0x00000000d5699290) 
thrown [s\src\hotspot\share\prims\jni.cpp, line 520]
Event: 14.044 Thread 0x0000020b009ecfb0 Exception <a 'sun/nio/fs/WindowsException'{0x00000000d56afe40}> (0x00000000d56afe40) 
thrown [s\src\hotspot\share\prims\jni.cpp, line 520]
Event: 14.045 Thread 0x0000020b009edcd0 Exception <a 'sun/nio/fs/WindowsException'{0x00000000d56bba98}> (0x00000000d56bba98) 
thrown [s\src\hotspot\share\prims\jni.cpp, line 520]
Event: 14.045 Thread 0x0000020b009ee9f0 Exception <a 'sun/nio/fs/WindowsException'{0x00000000d568fbd0}> (0x00000000d568fbd0) 
thrown [s\src\hotspot\share\prims\jni.cpp, line 520]
Event: 14.047 Thread 0x0000020b009ef080 Exception <a 'sun/nio/fs/WindowsException'{0x00000000d56a6680}> (0x00000000d56a6680) 
thrown [s\src\hotspot\share\prims\jni.cpp, line 520]
Event: 14.047 Thread 0x0000020b009edcd0 Exception <a 'sun/nio/fs/WindowsException'{0x00000000d56bef40}> (0x00000000d56bef40) 
thrown [s\src\hotspot\share\prims\jni.cpp, line 520]
Event: 14.047 Thread 0x0000020b009efda0 Exception <a 'sun/nio/fs/WindowsException'{0x00000000d569be30}> (0x00000000d569be30) 
thrown [s\src\hotspot\share\prims\jni.cpp, line 520]
Event: 14.053 Thread 0x0000020b009f0430 Exception <a 'sun/nio/fs/WindowsException'{0x00000000d56c6c58}> (0x00000000d56c6c58) 
thrown [s\src\hotspot\share\prims\jni.cpp, line 520]
Event: 14.054 Thread 0x0000020b009ee9f0 Exception <a 'sun/nio/fs/WindowsException'{0x00000000d56922b0}> (0x00000000d56922b0) 
thrown [s\src\hotspot\share\prims\jni.cpp, line 520]
Event: 14.055 Thread 0x0000020b009efda0 Exception <a 'sun/nio/fs/WindowsException'{0x00000000d56a13e0}> (0x00000000d56a13e0) 
thrown [s\src\hotspot\share\prims\jni.cpp, line 520]
Event: 14.056 Thread 0x0000020b009efda0 Exception <a 'sun/nio/fs/WindowsException'{0x00000000d56a2e08}> (0x00000000d56a2e08) 
thrown [s\src\hotspot\share\prims\jni.cpp, line 520]
Event: 14.057 Thread 0x0000020b009ee9f0 Exception <a 'sun/nio/fs/WindowsException'{0x00000000d5693cf0}> (0x00000000d5693cf0) 
thrown [s\src\hotspot\share\prims\jni.cpp, line 520]
Event: 14.058 Thread 0x0000020b009efda0 Exception <a 'sun/nio/fs/WindowsException'{0x00000000d56d3120}> (0x00000000d56d3120) 
thrown [s\src\hotspot\share\prims\jni.cpp, line 520]

ZGC Phase Switch (0 events):
No events

VM Operations (20 events):
Event: 12.267 Executing VM operation: ParallelGCFailedAllocation (Allocation Failure)
Event: 12.271 Executing VM operation: ParallelGCFailedAllocation (Allocation Failure) done
Event: 12.482 Executing VM operation: HandshakeAllThreads (Deoptimize)
Event: 12.483 Executing VM operation: HandshakeAllThreads (Deoptimize) done
Event: 12.556 Executing VM operation: ParallelGCFailedAllocation (Allocation Failure)
Event: 12.598 Executing VM operation: ParallelGCFailedAllocation (Allocation Failure) done
Event: 12.881 Executing VM operation: HandshakeAllThreads (Deoptimize)
Event: 12.881 Executing VM operation: HandshakeAllThreads (Deoptimize) done
Event: 12.900 Executing VM operation: ParallelGCFailedAllocation (Allocation Failure)
Event: 12.917 Executing VM operation: ParallelGCFailedAllocation (Allocation Failure) done
Event: 13.040 Executing VM operation: HandshakeAllThreads (Deoptimize)
Event: 13.041 Executing VM operation: HandshakeAllThreads (Deoptimize) done
Event: 13.364 Executing VM operation: ParallelGCFailedAllocation (Allocation Failure)
Event: 13.368 Executing VM operation: ParallelGCFailedAllocation (Allocation Failure) done
Event: 13.696 Executing VM operation: HandshakeAllThreads (Deoptimize)
Event: 13.697 Executing VM operation: HandshakeAllThreads (Deoptimize) done
Event: 13.990 Executing VM operation: HandshakeAllThreads (Deoptimize)
Event: 13.991 Executing VM operation: HandshakeAllThreads (Deoptimize) done
Event: 14.000 Executing VM operation: ParallelGCFailedAllocation (Allocation Failure)
Event: 14.020 Executing VM operation: ParallelGCFailedAllocation (Allocation Failure) done

Memory protections (0 events):
No events

Nmethod flushes (20 events):
Event: 10.249 Thread 0x0000020b1e6534b0 flushing  nmethod 0x0000020b21f70b10
Event: 10.249 Thread 0x0000020b1e6534b0 flushing  nmethod 0x0000020b21f71410
Event: 10.249 Thread 0x0000020b1e6534b0 flushing  nmethod 0x0000020b21f72610
Event: 10.249 Thread 0x0000020b1e6534b0 flushing  nmethod 0x0000020b21f72e10
Event: 10.249 Thread 0x0000020b1e6534b0 flushing  nmethod 0x0000020b21f75690
Event: 10.249 Thread 0x0000020b1e6534b0 flushing  nmethod 0x0000020b21f75b90
Event: 10.249 Thread 0x0000020b1e6534b0 flushing  nmethod 0x0000020b21f77110
Event: 10.249 Thread 0x0000020b1e6534b0 flushing  nmethod 0x0000020b21f77d90
Event: 10.249 Thread 0x0000020b1e6534b0 flushing  nmethod 0x0000020b21f78090
Event: 10.249 Thread 0x0000020b1e6534b0 flushing  nmethod 0x0000020b21f78890
Event: 10.249 Thread 0x0000020b1e6534b0 flushing  nmethod 0x0000020b21fd0f90
Event: 10.249 Thread 0x0000020b1e6534b0 flushing  nmethod 0x0000020b21fd2b10
Event: 10.249 Thread 0x0000020b1e6534b0 flushing  nmethod 0x0000020b21fdd410
Event: 10.249 Thread 0x0000020b1e6534b0 flushing  nmethod 0x0000020b2201e890
Event: 10.249 Thread 0x0000020b1e6534b0 flushing  nmethod 0x0000020b22048610
Event: 10.249 Thread 0x0000020b1e6534b0 flushing  nmethod 0x0000020b2207c310
Event: 10.249 Thread 0x0000020b1e6534b0 flushing  nmethod 0x0000020b22088490
Event: 10.249 Thread 0x0000020b1e6534b0 flushing  nmethod 0x0000020b22088910
Event: 10.249 Thread 0x0000020b1e6534b0 flushing  nmethod 0x0000020b220a5b10
Event: 10.249 Thread 0x0000020b1e6534b0 flushing  nmethod 0x0000020b220a7310

Events (20 events):
Event: 10.216 Thread 0x0000020b1c3bce50 Thread added: 0x0000020b7cff9200
Event: 10.216 Thread 0x0000020b1c3bce50 Thread added: 0x0000020b7cff9f20
Event: 10.217 Thread 0x0000020b1c3bce50 Thread added: 0x0000020b7cff6aa0
Event: 10.217 Thread 0x0000020b1c3bce50 Thread added: 0x0000020b7cff7130
Event: 10.218 Thread 0x0000020b1c3bce50 Thread added: 0x0000020b7cff7e50
Event: 10.218 Thread 0x0000020b1c3bce50 Thread added: 0x0000020b7cff84e0
Event: 10.218 Thread 0x0000020b1c3bce50 Thread added: 0x0000020b7cfafdc0
Event: 10.348 Thread 0x0000020b1c3bce50 Thread added: 0x0000020b7cfb1170
Event: 10.708 Thread 0x0000020b7cff8b70 Thread added: 0x0000020b7cfaf0a0
Event: 10.710 Thread 0x0000020b1c3bce50 Thread added: 0x0000020b7cfb1800
Event: 10.710 Thread 0x0000020b1c3bce50 Thread added: 0x0000020b7cfb0450
Event: 13.600 Thread 0x0000020b7cadf120 Thread exited: 0x0000020b7cadf120
Event: 14.033 Thread 0x0000020b7cff8b70 Thread added: 0x0000020b7cfb2520
Event: 14.041 Thread 0x0000020b7cfb2520 Thread added: 0x0000020b7cadf120
Event: 14.042 Thread 0x0000020b7cfb2520 Thread added: 0x0000020b009ee9f0
Event: 14.043 Thread 0x0000020b009ee9f0 Thread added: 0x0000020b009ef080
Event: 14.043 Thread 0x0000020b7cadf120 Thread added: 0x0000020b009efda0
Event: 14.043 Thread 0x0000020b009efda0 Thread added: 0x0000020b009ecfb0
Event: 14.044 Thread 0x0000020b009ee9f0 Thread added: 0x0000020b009edcd0
Event: 14.044 Thread 0x0000020b009efda0 Thread added: 0x0000020b009f0430


Dynamic libraries:
0x00007ff712e50000 - 0x00007ff712e5e000 	c:\Users\andre\.vscode\extensions\redhat.java-1.44.0-win32-x64\jre\21.0.8-win32-x86_64\bin\java.exe
0x00007ffbf1310000 - 0x00007ffbf1527000 	C:\Windows\SYSTEM32\ntdll.dll
0x00007ffbefe60000 - 0x00007ffbeff24000 	C:\Windows\System32\KERNEL32.DLL
0x00007ffbee6e0000 - 0x00007ffbeeab2000 	C:\Windows\System32\KERNELBASE.dll
0x00007ffbeec80000 - 0x00007ffbeed91000 	C:\Windows\System32\ucrtbase.dll
0x00007ffbdad40000 - 0x00007ffbdad58000 	c:\Users\andre\.vscode\extensions\redhat.java-1.44.0-win32-x64\jre\21.0.8-win32-x86_64\bin\jli.dll
0x00007ffbefc70000 - 0x00007ffbefe21000 	C:\Windows\System32\USER32.dll
0x00007ffbeef10000 - 0x00007ffbeef36000 	C:\Windows\System32\win32u.dll
0x00007ffbefe30000 - 0x00007ffbefe59000 	C:\Windows\System32\GDI32.dll
0x00007ffbee5b0000 - 0x00007ffbee6d3000 	C:\Windows\System32\gdi32full.dll
0x00007ffbee510000 - 0x00007ffbee5aa000 	C:\Windows\System32\msvcp_win.dll
0x00007ffbd9b00000 - 0x00007ffbd9b1e000 	c:\Users\andre\.vscode\extensions\redhat.java-1.44.0-win32-x64\jre\21.0.8-win32-x86_64\bin\VCRUNTIME140.dll
0x00007ffbd1880000 - 0x00007ffbd1b1b000 	C:\Windows\WinSxS\amd64_microsoft.windows.common-controls_6595b64144ccf1df_6.0.22621.5547_none_27104afb73855772\COMCTL32.dll
0x00007ffbf0d90000 - 0x00007ffbf0e37000 	C:\Windows\System32\msvcrt.dll
0x00007ffbeff30000 - 0x00007ffbeff61000 	C:\Windows\System32\IMM32.DLL
0x00007ffbec040000 - 0x00007ffbec04c000 	c:\Users\andre\.vscode\extensions\redhat.java-1.44.0-win32-x64\jre\21.0.8-win32-x86_64\bin\vcruntime140_1.dll
0x00007ffbd6980000 - 0x00007ffbd6a0d000 	c:\Users\andre\.vscode\extensions\redhat.java-1.44.0-win32-x64\jre\21.0.8-win32-x86_64\bin\msvcp140.dll
0x00007ffb9c630000 - 0x00007ffb9d3c7000 	c:\Users\andre\.vscode\extensions\redhat.java-1.44.0-win32-x64\jre\21.0.8-win32-x86_64\bin\server\jvm.dll
0x00007ffbef590000 - 0x00007ffbef641000 	C:\Windows\System32\ADVAPI32.dll
0x00007ffbf0ff0000 - 0x00007ffbf1098000 	C:\Windows\System32\sechost.dll
0x00007ffbeef40000 - 0x00007ffbeef68000 	C:\Windows\System32\bcrypt.dll
0x00007ffbf01c0000 - 0x00007ffbf02d4000 	C:\Windows\System32\RPCRT4.dll
0x00007ffbf0140000 - 0x00007ffbf01b1000 	C:\Windows\System32\WS2_32.dll
0x00007ffbede50000 - 0x00007ffbede9d000 	C:\Windows\SYSTEM32\POWRPROF.dll
0x00007ffbe8d70000 - 0x00007ffbe8da4000 	C:\Windows\SYSTEM32\WINMM.dll
0x00007ffbe4000000 - 0x00007ffbe400a000 	C:\Windows\SYSTEM32\VERSION.dll
0x00007ffbede30000 - 0x00007ffbede43000 	C:\Windows\SYSTEM32\UMPDC.dll
0x00007ffbed3d0000 - 0x00007ffbed3e8000 	C:\Windows\SYSTEM32\kernel.appcore.dll
0x00007ffbdaf90000 - 0x00007ffbdaf9a000 	c:\Users\andre\.vscode\extensions\redhat.java-1.44.0-win32-x64\jre\21.0.8-win32-x86_64\bin\jimage.dll
0x00007ffbebdf0000 - 0x00007ffbec023000 	C:\Windows\SYSTEM32\DBGHELP.DLL
0x00007ffbeefa0000 - 0x00007ffbef333000 	C:\Windows\System32\combase.dll
0x00007ffbf03f0000 - 0x00007ffbf04c7000 	C:\Windows\System32\OLEAUT32.dll
0x00007ffbd6b10000 - 0x00007ffbd6b42000 	C:\Windows\SYSTEM32\dbgcore.DLL
0x00007ffbeeac0000 - 0x00007ffbeeb3b000 	C:\Windows\System32\bcryptPrimitives.dll
0x00007ffbdacd0000 - 0x00007ffbdacdf000 	c:\Users\andre\.vscode\extensions\redhat.java-1.44.0-win32-x64\jre\21.0.8-win32-x86_64\bin\instrument.dll
0x00007ffbd6a30000 - 0x00007ffbd6a4f000 	c:\Users\andre\.vscode\extensions\redhat.java-1.44.0-win32-x64\jre\21.0.8-win32-x86_64\bin\java.dll
0x00007ffbf04d0000 - 0x00007ffbf0d72000 	C:\Windows\System32\SHELL32.dll
0x00007ffbeeb40000 - 0x00007ffbeec7f000 	C:\Windows\System32\wintypes.dll
0x00007ffbec2b0000 - 0x00007ffbecbcd000 	C:\Windows\SYSTEM32\windows.storage.dll
0x00007ffbf0e40000 - 0x00007ffbf0f4c000 	C:\Windows\System32\SHCORE.dll
0x00007ffbef4f0000 - 0x00007ffbef559000 	C:\Windows\System32\shlwapi.dll
0x00007ffbee300000 - 0x00007ffbee32b000 	C:\Windows\SYSTEM32\profapi.dll
0x00007ffbbd040000 - 0x00007ffbbd058000 	c:\Users\andre\.vscode\extensions\redhat.java-1.44.0-win32-x64\jre\21.0.8-win32-x86_64\bin\zip.dll
0x00007ffbd0aa0000 - 0x00007ffbd0ab0000 	C:\Users\andre\.vscode\extensions\redhat.java-1.44.0-win32-x64\jre\21.0.8-win32-x86_64\bin\net.dll
0x00007ffbe9c00000 - 0x00007ffbe9d2c000 	C:\Windows\SYSTEM32\WINHTTP.dll
0x00007ffbed850000 - 0x00007ffbed8b9000 	C:\Windows\system32\mswsock.dll
0x00007ffbbbee0000 - 0x00007ffbbbef6000 	C:\Users\andre\.vscode\extensions\redhat.java-1.44.0-win32-x64\jre\21.0.8-win32-x86_64\bin\nio.dll
0x00007ffbc0620000 - 0x00007ffbc0630000 	c:\Users\andre\.vscode\extensions\redhat.java-1.44.0-win32-x64\jre\21.0.8-win32-x86_64\bin\verify.dll
0x00007ffbbbab0000 - 0x00007ffbbbaf5000 	C:\Users\andre\AppData\Roaming\Code\User\globalStorage\redhat.java\1.44.0\config_win\org.eclipse.equinox.launcher\org.eclipse.equinox.launcher.win32.win32.x86_64_1.2.1400.v20250730-1736\eclipse_11913.dll
0x00007ffbefad0000 - 0x00007ffbefc70000 	C:\Windows\System32\ole32.dll
0x00007ffbedab0000 - 0x00007ffbedacb000 	C:\Windows\SYSTEM32\CRYPTSP.dll
0x00007ffbed330000 - 0x00007ffbed367000 	C:\Windows\system32\rsaenh.dll
0x00007ffbed950000 - 0x00007ffbed978000 	C:\Windows\SYSTEM32\USERENV.dll
0x00007ffbedad0000 - 0x00007ffbedadc000 	C:\Windows\SYSTEM32\CRYPTBASE.dll
0x00007ffbece70000 - 0x00007ffbece9d000 	C:\Windows\SYSTEM32\IPHLPAPI.DLL
0x00007ffbf0fe0000 - 0x00007ffbf0fe9000 	C:\Windows\System32\NSI.dll
0x00007ffbd7e50000 - 0x00007ffbd7e99000 	C:\Users\andre\AppData\Local\Temp\jna-92958282\jna8022406873199278846.dll
0x00007ffbef580000 - 0x00007ffbef588000 	C:\Windows\System32\PSAPI.DLL
0x00007ffbe87b0000 - 0x00007ffbe87c9000 	C:\Windows\SYSTEM32\dhcpcsvc6.DLL
0x00007ffbe8790000 - 0x00007ffbe87af000 	C:\Windows\SYSTEM32\dhcpcsvc.DLL

JVMTI agents:
c:\Users\andre\.vscode\extensions\redhat.java-1.44.0-win32-x64\lombok\lombok-1.18.39-4050.jar path:c:\Users\andre\.vscode\extensions\redhat.java-1.44.0-win32-x64\jre\21.0.8-win32-x86_64\bin\instrument.dll, loaded, initialized, instrumentlib options:none

dbghelp: loaded successfully - version: 4.0.5 - missing functions: none
symbol engine: initialized successfully - sym options: 0x614 - pdb path: .;c:\Users\andre\.vscode\extensions\redhat.java-1.44.0-win32-x64\jre\21.0.8-win32-x86_64\bin;C:\Windows\SYSTEM32;C:\Windows\WinSxS\amd64_microsoft.windows.common-controls_6595b64144ccf1df_6.0.22621.5547_none_27104afb73855772;c:\Users\andre\.vscode\extensions\redhat.java-1.44.0-win32-x64\jre\21.0.8-win32-x86_64\bin\server;C:\Users\andre\AppData\Roaming\Code\User\globalStorage\redhat.java\1.44.0\config_win\org.eclipse.equinox.launcher\org.eclipse.equinox.launcher.win32.win32.x86_64_1.2.1400.v20250730-1736;C:\Users\andre\AppData\Local\Temp\jna-92958282

VM Arguments:
jvm_args: --add-modules=ALL-SYSTEM --add-opens=java.base/java.util=ALL-UNNAMED --add-opens=java.base/java.lang=ALL-UNNAMED --add-opens=java.base/sun.nio.fs=ALL-UNNAMED -Declipse.application=org.eclipse.jdt.ls.core.id1 -Dosgi.bundles.defaultStartLevel=4 -Declipse.product=org.eclipse.jdt.ls.core.product -Djava.import.generatesMetadataFilesAtProjectRoot=false -DDetectVMInstallationsJob.disabled=true -Dfile.encoding=utf8 -XX:+UseParallelGC -XX:GCTimeRatio=4 -XX:AdaptiveSizePolicyWeight=90 -Dsun.zip.disableMemoryMapping=true -Xmx2G -Xms100m -Xlog:disable -javaagent:c:\Users\andre\.vscode\extensions\redhat.java-1.44.0-win32-x64\lombok\lombok-1.18.39-4050.jar -XX:+HeapDumpOnOutOfMemoryError -XX:HeapDumpPath=c:\Users\andre\AppData\Roaming\Code\User\workspaceStorage\2d5448ae8308d3bbb337b6c3cdaecd3a\redhat.java -Daether.dependencyCollector.impl=bf 
java_command: c:\Users\andre\.vscode\extensions\redhat.java-1.44.0-win32-x64\server\plugins\org.eclipse.equinox.launcher_1.7.0.v20250519-0528.jar -configuration c:\Users\andre\AppData\Roaming\Code\User\globalStorage\redhat.java\1.44.0\config_win -data c:\Users\andre\AppData\Roaming\Code\User\workspaceStorage\2d5448ae8308d3bbb337b6c3cdaecd3a\redhat.java\jdt_ws --pipe=\\.\pipe\lsp-46a82fc4a2ec20612d04196855d65a4b-sock
java_class_path (initial): c:\Users\andre\.vscode\extensions\redhat.java-1.44.0-win32-x64\server\plugins\org.eclipse.equinox.launcher_1.7.0.v20250519-0528.jar
Launcher Type: SUN_STANDARD

[Global flags]
    uintx AdaptiveSizePolicyWeight                 = 90                                        {product} {command line}
     intx CICompilerCount                          = 4                                         {product} {ergonomic}
    uintx GCTimeRatio                              = 4                                         {product} {command line}
     bool HeapDumpOnOutOfMemoryError               = true                                   {manageable} {command line}
    ccstr HeapDumpPath                             = c:\Users\andre\AppData\Roaming\Code\User\workspaceStorage\2d5448ae8308d3bbb337b6c3cdaecd3a\redhat.java         {manageable} {command line}
   size_t InitialHeapSize                          = 104857600                                 {product} {command line}
   size_t MaxHeapSize                              = 2147483648                                {product} {command line}
   size_t MaxNewSize                               = 715653120                                 {product} {ergonomic}
   size_t MinHeapDeltaBytes                        = 524288                                    {product} {ergonomic}
   size_t MinHeapSize                              = 104857600                                 {product} {command line}
   size_t NewSize                                  = 34603008                                  {product} {ergonomic}
    uintx NonNMethodCodeHeapSize                   = 5839372                                {pd product} {ergonomic}
    uintx NonProfiledCodeHeapSize                  = 122909434                              {pd product} {ergonomic}
   size_t OldSize                                  = 70254592                                  {product} {ergonomic}
    uintx ProfiledCodeHeapSize                     = 122909434                              {pd product} {ergonomic}
    uintx ReservedCodeCacheSize                    = 251658240                              {pd product} {ergonomic}
     bool SegmentedCodeCache                       = true                                      {product} {ergonomic}
   size_t SoftMaxHeapSize                          = 2147483648                             {manageable} {ergonomic}
     bool UseCompressedOops                        = true                           {product lp64_product} {ergonomic}
     bool UseLargePagesIndividualAllocation        = false                                  {pd product} {ergonomic}
     bool UseParallelGC                            = true                                      {product} {command line}

Logging:
Log output configuration:
 #0: stdout all=off uptime,level,tags foldmultilines=false
 #1: stderr all=off uptime,level,tags foldmultilines=false

Environment Variables:
JAVA_HOME=C:\Program Files\Java\jdk-21
PATH=C:\Program Files\Microsoft SDKs\Azure\CLI2\wbin;C:\Program Files\Common Files\Oracle\Java\javapath;C:\Program Files (x86)\Common Files\Oracle\Java\javapath;C:\Program Files (x86)\VMware\VMware Player\bin\;C:\Program Files\Eclipse Adoptium\jdk-17.0.8.7-hotspot\bin;C:\Windows\system32;C:\Windows;C:\Windows\System32\Wbem;C:\Windows\System32\WindowsPowerShell\v1.0\;C:\Windows\System32\OpenSSH\;C:\apache-maven-3.9.4\\bin;C:\Program Files\Java\jdk-21\bin;C:\Program Files\Docker\Docker\resources\bin;C:\Gradle\gradle-8.6\bin;C:\Program Files\Amazon\AWSSAMCLI\bin\;C:\ProgramData\chocolatey\bin;C:\Program Files\7-Zip;C:\Program Files\dotnet\;C:\Program Files\Amazon\AWSCLIV2\;C:\Program Files\nodejs\;C:\Program Files\Git\cmd;C:\Users\andre\scoop\shims;C:\Users\andre\AppData\Local\Microsoft\WindowsApps;C:\Users\andre\AppData\Local\Programs\Microsoft VS Code\bin;C:\Users\andre\AppData\Local\Programs\Fiddler;C:\Users\andre\.dotnet\tools;C:\Users\andre\AppData\Local\Programs\Python\Python311\;C:\Users\andre\AppData\Local\Programs\Python\Python311\Scripts\;C:\Users\andre\AppData\Local\Packages\PythonSoftwareFoundation.Python.3.11_qbz5n2kfra8p0\LocalCache\local-packages\Python311\Scripts;C:\Users\andre\AppData\Roaming\npm
USERNAME=andre
OS=Windows_NT
PROCESSOR_IDENTIFIER=AMD64 Family 23 Model 160 Stepping 0, AuthenticAMD
TMP=C:\Users\andre\AppData\Local\Temp
TEMP=C:\Users\andre\AppData\Local\Temp




Periodic native trim disabled

---------------  S Y S T E M  ---------------

OS:
 Windows 11 , 64 bit Build 22621 (10.0.22621.5415)
OS uptime: 5 days 2:44 hours
Hyper-V role detected

CPU: total 8 (initial active 8) (8 cores per cpu, 2 threads per core) family 23 model 160 stepping 0 microcode 0x0, cx8, cmov, fxsr, ht, mmx, 3dnowpref, sse, sse2, sse3, ssse3, sse4a, sse4.1, sse4.2, popcnt, lzcnt, tsc, tscinvbit, avx, avx2, aes, clmul, bmi1, bmi2, adx, sha, fma, vzeroupper, clflush, clflushopt, hv, rdtscp, rdpid, f16c
Processor Information for the first 8 processors :
  Max Mhz: 2801, Current Mhz: 2801, Mhz Limit: 2801

Memory: 4k page, system-wide physical 5965M (322M free)
TotalPageFile size 24397M (AvailPageFile size 7M)
current process WorkingSet (physical memory assigned to process): 269M, peak: 272M
current process commit charge ("private bytes"): 363M, peak: 367M

vm_info: OpenJDK 64-Bit Server VM (21.0.8+9-LTS) for windows-amd64 JRE (21.0.8+9-LTS), built on 2025-07-15T00:00:00Z by "admin" with MS VC++ 17.7 (VS2022)

END.
