#
# There is insufficient memory for the Java Runtime Environment to continue.
# Native memory allocation (malloc) failed to allocate 513760 bytes. Error detail: Chunk::new
# Possible reasons:
#   The system is out of physical RAM or swap space
#   This process is running with CompressedOops enabled, and the Java Heap may be blocking the growth of the native heap
# Possible solutions:
#   Reduce memory load on the system
#   Increase physical memory or swap space
#   Check if swap backing store is full
#   Decrease Java heap size (-Xmx/-Xms)
#   Decrease number of Java threads
#   Decrease Java thread stack sizes (-Xss)
#   Set larger code cache with -XX:ReservedCodeCacheSize=
#   JVM is running with Unscaled Compressed Oops mode in which the Java heap is
#     placed in the first 4GB address space. The Java Heap base address is the
#     maximum limit for the native heap growth. Please use -XX:HeapBaseMinAddress
#     to set the Java Heap base and to place the Java Heap above 4GB virtual address.
# This output file may be truncated or incomplete.
#
#  Out of Memory Error (arena.cpp:168), pid=22836, tid=31648
#
# JRE version: OpenJDK Runtime Environment Temurin-21.0.8+9 (21.0.8+9) (build 21.0.8+9-LTS)
# Java VM: OpenJDK 64-Bit Server VM Temurin-21.0.8+9 (21.0.8+9-LTS, mixed mode, sharing, tiered, compressed oops, compressed class ptrs, parallel gc, windows-amd64)
# No core dump will be written. Minidumps are not enabled by default on client versions of Windows
#

---------------  S U M M A R Y ------------

Command Line: --add-modules=ALL-SYSTEM --add-opens=java.base/java.util=ALL-UNNAMED --add-opens=java.base/java.lang=ALL-UNNAMED --add-opens=java.base/sun.nio.fs=ALL-UNNAMED -Declipse.application=org.eclipse.jdt.ls.core.id1 -Dosgi.bundles.defaultStartLevel=4 -Declipse.product=org.eclipse.jdt.ls.core.product -Djava.import.generatesMetadataFilesAtProjectRoot=false -DDetectVMInstallationsJob.disabled=true -Dfile.encoding=utf8 -XX:+UseParallelGC -XX:GCTimeRatio=4 -XX:AdaptiveSizePolicyWeight=90 -Dsun.zip.disableMemoryMapping=true -Xmx2G -Xms100m -Xlog:disable -javaagent:c:\Users\andre\.vscode\extensions\redhat.java-1.44.0-win32-x64\lombok\lombok-1.18.39-4050.jar -XX:+HeapDumpOnOutOfMemoryError -XX:HeapDumpPath=c:\Users\andre\AppData\Roaming\Code\User\workspaceStorage\2d5448ae8308d3bbb337b6c3cdaecd3a\redhat.java -Daether.dependencyCollector.impl=bf c:\Users\andre\.vscode\extensions\redhat.java-1.44.0-win32-x64\server\plugins\org.eclipse.equinox.launcher_1.7.0.v20250519-0528.jar -configuration c:\Users\andre\AppData\Roaming\Code\User\globalStorage\redhat.java\1.44.0\config_win -data c:\Users\andre\AppData\Roaming\Code\User\workspaceStorage\2d5448ae8308d3bbb337b6c3cdaecd3a\redhat.java\jdt_ws --pipe=\\.\pipe\lsp-2e4af9f6b38425b35aa4865739a5c2c2-sock

Host: AMD Ryzen 5 7520U with Radeon Graphics         , 8 cores, 5G,  Windows 11 , 64 bit Build 22621 (10.0.22621.5415)
Time: Mon Aug  4 20:42:08 2025 Hora est. Pacífico, Sudamérica elapsed time: 41.300053 seconds (0d 0h 0m 41s)

---------------  T H R E A D  ---------------

Current thread (0x0000018397714720):  JavaThread "C2 CompilerThread0" daemon [_thread_in_native, id=31648, stack(0x000000164eb00000,0x000000164ec00000) (1024K)]


Current CompileTask:
C2:41300 14152 % !   4       org.eclipse.jdt.internal.core.index.DiskIndex::mergeWith @ 262 (623 bytes)

Stack: [0x000000164eb00000,0x000000164ec00000]
Native frames: (J=compiled Java code, j=interpreted, Vv=VM code, C=native code)
V  [jvm.dll+0x6d2449]
V  [jvm.dll+0x8ae341]
V  [jvm.dll+0x8b08be]
V  [jvm.dll+0x8b0fa3]
V  [jvm.dll+0x280c96]
V  [jvm.dll+0xc581d]
V  [jvm.dll+0xc5d53]
V  [jvm.dll+0x3b919c]
V  [jvm.dll+0x1e1213]
V  [jvm.dll+0x249022]
V  [jvm.dll+0x2484af]
V  [jvm.dll+0x1c89ee]
V  [jvm.dll+0x257d4d]
V  [jvm.dll+0x2562ea]
V  [jvm.dll+0x3f2d16]
V  [jvm.dll+0x857e6b]
V  [jvm.dll+0x6d0b0d]
C  [ucrtbase.dll+0x29333]
C  [KERNEL32.DLL+0x1259d]
C  [ntdll.dll+0x5af78]


---------------  P R O C E S S  ---------------

Threads class SMR info:
_java_thread_list=0x00000183df9c40f0, length=60, elements={
0x00000183ff7a04a0, 0x00000183977019b0, 0x00000183977031b0, 0x00000183977061e0,
0x0000018397707370, 0x0000018397708320, 0x000001839770ca50, 0x0000018397714720,
0x0000018397717dc0, 0x00000183da1e2300, 0x00000183da1e3d40, 0x00000183da1e43d0,
0x00000183da1e4a60, 0x00000183da1e3020, 0x00000183da1e15e0, 0x00000183da1e1c70,
0x00000183da1e36b0, 0x00000183df482fe0, 0x00000183df4850b0, 0x00000183df481c30,
0x00000183df483670, 0x00000183df4822c0, 0x00000183df483d00, 0x00000183df482950,
0x00000183df484390, 0x00000183df484a20, 0x00000183df47e120, 0x00000183df47e7b0,
0x00000183df47ee40, 0x00000183df47fb60, 0x00000183df4801f0, 0x00000183df47f4d0,
0x00000183df480880, 0x00000183df480f10, 0x00000183df5b0880, 0x00000183df5b2fe0,
0x00000183df5b1c30, 0x00000183df5aee40, 0x00000183df5b4390, 0x00000183df5b6460,
0x00000183df5af4d0, 0x00000183df5b4a20, 0x00000183df5afb60, 0x00000183df5b0f10,
0x00000183df5b3670, 0x00000183df5b15a0, 0x00000183df5b01f0, 0x00000183df5b22c0,
0x00000183df5b2950, 0x00000183df5b3d00, 0x00000183df5b5740, 0x00000183df5b5dd0,
0x00000183df47da90, 0x00000183e2598d10, 0x00000183e259c190, 0x00000183e259c820,
0x00000183e259e8f0, 0x00000183e259d540, 0x00000183e259dbd0, 0x00000183e259b470
}

Java Threads: ( => current thread )
  0x00000183ff7a04a0 JavaThread "main"                              [_thread_blocked, id=19188, stack(0x000000164e100000,0x000000164e200000) (1024K)]
  0x00000183977019b0 JavaThread "Reference Handler"          daemon [_thread_blocked, id=18060, stack(0x000000164e500000,0x000000164e600000) (1024K)]
  0x00000183977031b0 JavaThread "Finalizer"                  daemon [_thread_blocked, id=27464, stack(0x000000164e600000,0x000000164e700000) (1024K)]
  0x00000183977061e0 JavaThread "Signal Dispatcher"          daemon [_thread_blocked, id=11328, stack(0x000000164e700000,0x000000164e800000) (1024K)]
  0x0000018397707370 JavaThread "Attach Listener"            daemon [_thread_blocked, id=24012, stack(0x000000164e800000,0x000000164e900000) (1024K)]
  0x0000018397708320 JavaThread "Service Thread"             daemon [_thread_blocked, id=10912, stack(0x000000164e900000,0x000000164ea00000) (1024K)]
  0x000001839770ca50 JavaThread "Monitor Deflation Thread"   daemon [_thread_blocked, id=1660, stack(0x000000164ea00000,0x000000164eb00000) (1024K)]
=>0x0000018397714720 JavaThread "C2 CompilerThread0"         daemon [_thread_in_native, id=31648, stack(0x000000164eb00000,0x000000164ec00000) (1024K)]
  0x0000018397717dc0 JavaThread "C1 CompilerThread0"         daemon [_thread_blocked, id=30016, stack(0x000000164ec00000,0x000000164ed00000) (1024K)]
  0x00000183da1e2300 JavaThread "Common-Cleaner"             daemon [_thread_blocked, id=31332, stack(0x000000164ed00000,0x000000164ee00000) (1024K)]
  0x00000183da1e3d40 JavaThread "Notification Thread"        daemon [_thread_blocked, id=26268, stack(0x000000164ee00000,0x000000164ef00000) (1024K)]
  0x00000183da1e43d0 JavaThread "Active Thread: Equinox Container: 7474e18d-769a-432f-8d9b-38a27dc98677"        [_thread_blocked, id=18856, stack(0x000000164f500000,0x000000164f600000) (1024K)]
  0x00000183da1e4a60 JavaThread "Refresh Thread: Equinox Container: 7474e18d-769a-432f-8d9b-38a27dc98677" daemon [_thread_blocked, id=29436, stack(0x000000164f700000,0x000000164f800000) (1024K)]
  0x00000183da1e3020 JavaThread "Framework Event Dispatcher: Equinox Container: 7474e18d-769a-432f-8d9b-38a27dc98677" daemon [_thread_blocked, id=26360, stack(0x000000164f800000,0x000000164f900000) (1024K)]
  0x00000183da1e15e0 JavaThread "Start Level: Equinox Container: 7474e18d-769a-432f-8d9b-38a27dc98677" daemon [_thread_blocked, id=15612, stack(0x000000164f900000,0x000000164fa00000) (1024K)]
  0x00000183da1e1c70 JavaThread "Bundle File Closer"         daemon [_thread_blocked, id=30320, stack(0x000000164fa00000,0x000000164fb00000) (1024K)]
  0x00000183da1e36b0 JavaThread "SCR Component Actor"        daemon [_thread_blocked, id=14984, stack(0x000000164fb00000,0x000000164fc00000) (1024K)]
  0x00000183df482fe0 JavaThread "Worker-JM"                         [_thread_blocked, id=34172, stack(0x000000164fd00000,0x000000164fe00000) (1024K)]
  0x00000183df4850b0 JavaThread "JNA Cleaner"                daemon [_thread_blocked, id=21200, stack(0x000000164fe00000,0x000000164ff00000) (1024K)]
  0x00000183df481c30 JavaThread "Worker-0"                          [_thread_blocked, id=33820, stack(0x000000164ff00000,0x0000001650000000) (1024K)]
  0x00000183df483670 JavaThread "Worker-1"                          [_thread_blocked, id=23040, stack(0x0000001650000000,0x0000001650100000) (1024K)]
  0x00000183df4822c0 JavaThread "Worker-2"                          [_thread_blocked, id=32532, stack(0x0000001650100000,0x0000001650200000) (1024K)]
  0x00000183df483d00 JavaThread "Java indexing"              daemon [_thread_in_native, id=32440, stack(0x0000001650200000,0x0000001650300000) (1024K)]
  0x00000183df482950 JavaThread "Worker-3"                          [_thread_blocked, id=34556, stack(0x0000001650300000,0x0000001650400000) (1024K)]
  0x00000183df484390 JavaThread "Worker-4: Java indexing... "        [_thread_blocked, id=3548, stack(0x0000001650400000,0x0000001650500000) (1024K)]
  0x00000183df484a20 JavaThread "Thread-2"                   daemon [_thread_in_native, id=27096, stack(0x0000001650500000,0x0000001650600000) (1024K)]
  0x00000183df47e120 JavaThread "Thread-3"                   daemon [_thread_in_native, id=6220, stack(0x0000001650600000,0x0000001650700000) (1024K)]
  0x00000183df47e7b0 JavaThread "Thread-4"                   daemon [_thread_in_native, id=33924, stack(0x0000001650700000,0x0000001650800000) (1024K)]
  0x00000183df47ee40 JavaThread "Thread-5"                   daemon [_thread_in_native, id=11296, stack(0x0000001650800000,0x0000001650900000) (1024K)]
  0x00000183df47fb60 JavaThread "Thread-6"                   daemon [_thread_in_native, id=30636, stack(0x0000001650900000,0x0000001650a00000) (1024K)]
  0x00000183df4801f0 JavaThread "Thread-7"                   daemon [_thread_in_native, id=1692, stack(0x0000001650a00000,0x0000001650b00000) (1024K)]
  0x00000183df47f4d0 JavaThread "Thread-8"                   daemon [_thread_in_native, id=19388, stack(0x0000001650b00000,0x0000001650c00000) (1024K)]
  0x00000183df480880 JavaThread "Thread-9"                   daemon [_thread_in_native, id=31084, stack(0x0000001650c00000,0x0000001650d00000) (1024K)]
  0x00000183df480f10 JavaThread "Thread-10"                  daemon [_thread_in_native, id=28304, stack(0x0000001650d00000,0x0000001650e00000) (1024K)]
  0x00000183df5b0880 JavaThread "pool-2-thread-1"                   [_thread_blocked, id=18632, stack(0x0000001650e00000,0x0000001650f00000) (1024K)]
  0x00000183df5b2fe0 JavaThread "WorkspaceEventsHandler"            [_thread_blocked, id=27416, stack(0x0000001651000000,0x0000001651100000) (1024K)]
  0x00000183df5b1c30 JavaThread "pool-1-thread-1"                   [_thread_blocked, id=18396, stack(0x0000001651100000,0x0000001651200000) (1024K)]
  0x00000183df5aee40 JavaThread "Worker-5: Initialize workspace"        [_thread_blocked, id=30640, stack(0x0000001651200000,0x0000001651300000) (1024K)]
  0x00000183df5b4390 JavaThread "Worker-6"                          [_thread_blocked, id=10644, stack(0x0000001651300000,0x0000001651400000) (1024K)]
  0x00000183df5b6460 JavaThread "LocalFile Deleter"          daemon [_thread_blocked, id=22516, stack(0x0000001651400000,0x0000001651500000) (1024K)]
  0x00000183df5af4d0 JavaThread "LocalFile Deleter"          daemon [_thread_blocked, id=17792, stack(0x0000001651500000,0x0000001651600000) (1024K)]
  0x00000183df5b4a20 JavaThread "LocalFile Deleter"          daemon [_thread_blocked, id=19756, stack(0x0000001651600000,0x0000001651700000) (1024K)]
  0x00000183df5afb60 JavaThread "LocalFile Deleter"          daemon [_thread_blocked, id=31812, stack(0x0000001651700000,0x0000001651800000) (1024K)]
  0x00000183df5b0f10 JavaThread "LocalFile Deleter"          daemon [_thread_blocked, id=22700, stack(0x0000001651800000,0x0000001651900000) (1024K)]
  0x00000183df5b3670 JavaThread "LocalFile Deleter"          daemon [_thread_blocked, id=13784, stack(0x0000001651900000,0x0000001651a00000) (1024K)]
  0x00000183df5b15a0 JavaThread "LocalFile Deleter"          daemon [_thread_blocked, id=17496, stack(0x0000001651a00000,0x0000001651b00000) (1024K)]
  0x00000183df5b01f0 JavaThread "LocalFile Deleter"          daemon [_thread_blocked, id=9044, stack(0x0000001651b00000,0x0000001651c00000) (1024K)]
  0x00000183df5b22c0 JavaThread "Compiler Source File Reader" daemon [_thread_blocked, id=14032, stack(0x0000001651c00000,0x0000001651d00000) (1024K)]
  0x00000183df5b2950 JavaThread "Compiler Source File Reader" daemon [_thread_blocked, id=2612, stack(0x0000001651d00000,0x0000001651e00000) (1024K)]
  0x00000183df5b3d00 JavaThread "Compiler Source File Reader" daemon [_thread_blocked, id=20800, stack(0x0000001651e00000,0x0000001651f00000) (1024K)]
  0x00000183df5b5740 JavaThread "Compiler Source File Reader" daemon [_thread_blocked, id=13316, stack(0x0000001651f00000,0x0000001652000000) (1024K)]
  0x00000183df5b5dd0 JavaThread "Compiler Source File Reader" daemon [_thread_blocked, id=9872, stack(0x0000001652000000,0x0000001652100000) (1024K)]
  0x00000183df47da90 JavaThread "Compiler Source File Reader" daemon [_thread_blocked, id=25280, stack(0x0000001652100000,0x0000001652200000) (1024K)]
  0x00000183e2598d10 JavaThread "Compiler Processing Task"   daemon [_thread_blocked, id=17436, stack(0x0000001652200000,0x0000001652300000) (1024K)]
  0x00000183e259c190 JavaThread "Compiler Class File Writer" daemon [_thread_blocked, id=27860, stack(0x0000001652300000,0x0000001652400000) (1024K)]
  0x00000183e259c820 JavaThread "Compiler Class File Writer" daemon [_thread_blocked, id=24692, stack(0x0000001652400000,0x0000001652500000) (1024K)]
  0x00000183e259e8f0 JavaThread "Compiler Class File Writer" daemon [_thread_blocked, id=22328, stack(0x0000001652500000,0x0000001652600000) (1024K)]
  0x00000183e259d540 JavaThread "Compiler Class File Writer" daemon [_thread_blocked, id=9444, stack(0x0000001652600000,0x0000001652700000) (1024K)]
  0x00000183e259dbd0 JavaThread "Compiler Class File Writer" daemon [_thread_blocked, id=28172, stack(0x0000001652700000,0x0000001652800000) (1024K)]
  0x00000183e259b470 JavaThread "Compiler Class File Writer" daemon [_thread_blocked, id=34100, stack(0x0000001652800000,0x0000001652900000) (1024K)]
Total: 60

Other Threads:
  0x00000183976e3c60 VMThread "VM Thread"                           [id=5780, stack(0x000000164e400000,0x000000164e500000) (1024K)]
  0x00000183ff80a710 WatcherThread "VM Periodic Task Thread"        [id=16444, stack(0x000000164e300000,0x000000164e400000) (1024K)]
  0x00000183ff7be9f0 WorkerThread "GC Thread#0"                     [id=21128, stack(0x000000164e200000,0x000000164e300000) (1024K)]
  0x00000183da6b9f80 WorkerThread "GC Thread#1"                     [id=34564, stack(0x000000164ef00000,0x000000164f000000) (1024K)]
  0x00000183da6c5150 WorkerThread "GC Thread#2"                     [id=10120, stack(0x000000164f000000,0x000000164f100000) (1024K)]
  0x00000183da6ba320 WorkerThread "GC Thread#3"                     [id=30272, stack(0x000000164f100000,0x000000164f200000) (1024K)]
  0x00000183da883810 WorkerThread "GC Thread#4"                     [id=7392, stack(0x000000164f200000,0x000000164f300000) (1024K)]
  0x00000183da883bb0 WorkerThread "GC Thread#5"                     [id=15372, stack(0x000000164f300000,0x000000164f400000) (1024K)]
  0x00000183da883f50 WorkerThread "GC Thread#6"                     [id=30484, stack(0x000000164f400000,0x000000164f500000) (1024K)]
  0x00000183da8f57d0 WorkerThread "GC Thread#7"                     [id=34040, stack(0x000000164f600000,0x000000164f700000) (1024K)]
Total: 10

Threads with active compile tasks:
C2 CompilerThread0  41706 14152 % !   4       org.eclipse.jdt.internal.core.index.DiskIndex::mergeWith @ 262 (623 bytes)
Total: 1

VM state: not at safepoint (normal execution)

VM Mutex/Monitor currently owned by a thread: None

Heap address: 0x0000000080000000, size: 2048 MB, Compressed Oops mode: 32-bit

CDS archive(s) mapped at: [0x0000018398000000-0x0000018398ba0000-0x0000018398ba0000), size 12189696, SharedBaseAddress: 0x0000018398000000, ArchiveRelocationMode: 1.
Compressed class space mapped at: 0x0000018399000000-0x00000183d9000000, reserved size: 1073741824
Narrow klass base: 0x0000018398000000, Narrow klass shift: 0, Narrow klass range: 0x100000000

GC Precious Log:
 CardTable entry size: 512
 CPUs: 8 total, 8 available
 Memory: 5965M
 Large Page Support: Disabled
 NUMA Support: Disabled
 Compressed Oops: Enabled (32-bit)
 Alignments: Space 512K, Generation 512K, Heap 2M
 Heap Min Capacity: 100M
 Heap Initial Capacity: 100M
 Heap Max Capacity: 2G
 Pre-touch: Disabled
 Parallel Workers: 8

Heap:
 PSYoungGen      total 3584K, used 1703K [0x00000000d5580000, 0x00000000d5980000, 0x0000000100000000)
  eden space 2560K, 55% used [0x00000000d5580000,0x00000000d56ee988,0x00000000d5800000)
  from space 1024K, 28% used [0x00000000d5800000,0x00000000d5848000,0x00000000d5900000)
  to   space 512K, 0% used [0x00000000d5900000,0x00000000d5900000,0x00000000d5980000)
 ParOldGen       total 627712K, used 627621K [0x0000000080000000, 0x00000000a6500000, 0x00000000d5580000)
  object space 627712K, 99% used [0x0000000080000000,0x00000000a64e9630,0x00000000a6500000)
 Metaspace       used 69558K, committed 70976K, reserved 1114112K
  class space    used 7243K, committed 7872K, reserved 1048576K

Card table byte_map: [0x00000183ff170000,0x00000183ff580000] _byte_map_base: 0x00000183fed70000

Marking Bits: (ParMarkBitMap*) 0x00007ffb9d2ea340
 Begin Bits: [0x0000018393540000, 0x0000018395540000)
 End Bits:   [0x0000018395540000, 0x0000018397540000)

Polling page: 0x00000183fef60000

Metaspace:

Usage:
  Non-class:     60.85 MB used.
      Class:      7.07 MB used.
       Both:     67.93 MB used.

Virtual space:
  Non-class space:       64.00 MB reserved,      61.62 MB ( 96%) committed,  1 nodes.
      Class space:        1.00 GB reserved,       7.69 MB ( <1%) committed,  1 nodes.
             Both:        1.06 GB reserved,      69.31 MB (  6%) committed. 

Chunk freelists:
   Non-Class:  2.22 MB
       Class:  8.29 MB
        Both:  10.50 MB

MaxMetaspaceSize: unlimited
CompressedClassSpaceSize: 1.00 GB
Initial GC threshold: 21.00 MB
Current GC threshold: 97.31 MB
CDS: on
 - commit_granule_bytes: 65536.
 - commit_granule_words: 8192.
 - virtual_space_node_default_size: 8388608.
 - enlarge_chunks_in_place: 1.
 - use_allocation_guard: 0.


Internal statistics:

num_allocs_failed_limit: 9.
num_arena_births: 1274.
num_arena_deaths: 14.
num_vsnodes_births: 2.
num_vsnodes_deaths: 0.
num_space_committed: 1109.
num_space_uncommitted: 0.
num_chunks_returned_to_freelist: 23.
num_chunks_taken_from_freelist: 4341.
num_chunk_merges: 13.
num_chunk_splits: 2656.
num_chunks_enlarged: 1525.
num_inconsistent_stats: 0.

CodeHeap 'non-profiled nmethods': size=120000Kb used=7130Kb max_used=7130Kb free=112870Kb
 bounds [0x000001838c010000, 0x000001838c710000, 0x0000018393540000]
CodeHeap 'profiled nmethods': size=120000Kb used=28803Kb max_used=28803Kb free=91196Kb
 bounds [0x0000018384540000, 0x0000018386170000, 0x000001838ba70000]
CodeHeap 'non-nmethods': size=5760Kb used=1470Kb max_used=1524Kb free=4289Kb
 bounds [0x000001838ba70000, 0x000001838bce0000, 0x000001838c010000]
CodeCache: size=245760Kb, used=37403Kb, max_used=37457Kb, free=208355Kb
 total_blobs=14155, nmethods=13370, adapters=687, full_count=0
Compilation: enabled, stopped_count=0, restarted_count=0

Compilation events (20 events):
Event: 40.754 Thread 0x0000018397717dc0 nmethod 14145 0x000001838613d890 code [0x000001838613da60, 0x000001838613dcb8]
Event: 40.755 Thread 0x0000018397714720 14146       4       org.eclipse.core.runtime.SubMonitor::split (72 bytes)
Event: 40.760 Thread 0x0000018397717dc0 14147   !   3       java.io.BufferedOutputStream::flush (60 bytes)
Event: 40.763 Thread 0x0000018397717dc0 nmethod 14147 0x000001838613dd90 code [0x000001838613e080, 0x000001838613f198]
Event: 40.763 Thread 0x0000018397717dc0 14148       3       java.io.BufferedOutputStream::implFlush (12 bytes)
Event: 40.764 Thread 0x0000018397717dc0 nmethod 14148 0x000001838613f810 code [0x000001838613f9e0, 0x000001838613fd30]
Event: 40.772 Thread 0x0000018397714720 nmethod 14146 0x000001838c6ffe10 code [0x000001838c700060, 0x000001838c700a38]
Event: 40.811 Thread 0x0000018397714720 14149  s    4       org.eclipse.jdt.internal.compiler.classfmt.MethodInfo::readModifierRelatedAttributes (213 bytes)
Event: 40.833 Thread 0x0000018397714720 nmethod 14149 0x000001838c701290 code [0x000001838c7014a0, 0x000001838c702648]
Event: 40.833 Thread 0x0000018397714720 14150       4       org.eclipse.jdt.internal.compiler.classfmt.MethodInfo::createMethod (710 bytes)
Event: 40.916 Thread 0x0000018397714720 nmethod 14150 0x000001838c702c90 code [0x000001838c702f60, 0x000001838c705440]
Event: 41.183 Thread 0x0000018397714720 14152 % !   4       org.eclipse.jdt.internal.core.index.DiskIndex::mergeWith @ 262 (623 bytes)
Event: 41.236 Thread 0x0000018397717dc0 14153       3       org.eclipse.jdt.internal.compiler.parser.Scanner::internalScanIdentifierOrKeyword (5041 bytes)
Event: 41.258 Thread 0x0000018397717dc0 nmethod 14153 0x000001838613fe90 code [0x0000018386140e00, 0x000001838614bf18]
Event: 41.268 Thread 0x0000018397717dc0 14154       3       sun.nio.cs.StreamEncoder::implWrite (145 bytes)
Event: 41.269 Thread 0x0000018397717dc0 nmethod 14154 0x000001838614e090 code [0x000001838614e300, 0x000001838614ebe0]
Event: 41.269 Thread 0x0000018397717dc0 14155  s!   3       org.eclipse.jdt.internal.core.search.indexing.ReadWriteMonitor::enterWrite (29 bytes)
Event: 41.269 Thread 0x0000018397717dc0 nmethod 14155 0x000001838614ee90 code [0x000001838614f060, 0x000001838614f3c8]
Event: 41.271 Thread 0x0000018397717dc0 14156       3       org.eclipse.jdt.internal.core.index.Index::getIndexLocation (19 bytes)
Event: 41.271 Thread 0x0000018397717dc0 nmethod 14156 0x000001838614f510 code [0x000001838614f6c0, 0x000001838614f848]

GC Heap History (20 events):
Event: 41.099 GC heap before
{Heap before GC invocations=1015 (full 3):
 PSYoungGen      total 2560K, used 2432K [0x00000000d5580000, 0x00000000d5880000, 0x0000000100000000)
  eden space 2048K, 100% used [0x00000000d5580000,0x00000000d5780000,0x00000000d5780000)
  from space 512K, 75% used [0x00000000d5780000,0x00000000d57e0000,0x00000000d5800000)
  to   space 512K, 0% used [0x00000000d5800000,0x00000000d5800000,0x00000000d5880000)
 ParOldGen       total 622080K, used 621713K [0x0000000080000000, 0x00000000a5f80000, 0x00000000d5580000)
  object space 622080K, 99% used [0x0000000080000000,0x00000000a5f24600,0x00000000a5f80000)
 Metaspace       used 69551K, committed 70976K, reserved 1114112K
  class space    used 7243K, committed 7872K, reserved 1048576K
}
Event: 41.102 GC heap after
{Heap after GC invocations=1015 (full 3):
 PSYoungGen      total 2560K, used 288K [0x00000000d5580000, 0x00000000d5880000, 0x0000000100000000)
  eden space 2048K, 0% used [0x00000000d5580000,0x00000000d5580000,0x00000000d5780000)
  from space 512K, 56% used [0x00000000d5800000,0x00000000d5848000,0x00000000d5880000)
  to   space 512K, 0% used [0x00000000d5780000,0x00000000d5780000,0x00000000d5800000)
 ParOldGen       total 622080K, used 621977K [0x0000000080000000, 0x00000000a5f80000, 0x00000000d5580000)
  object space 622080K, 99% used [0x0000000080000000,0x00000000a5f66600,0x00000000a5f80000)
 Metaspace       used 69551K, committed 70976K, reserved 1114112K
  class space    used 7243K, committed 7872K, reserved 1048576K
}
Event: 41.108 GC heap before
{Heap before GC invocations=1016 (full 3):
 PSYoungGen      total 2560K, used 2320K [0x00000000d5580000, 0x00000000d5880000, 0x0000000100000000)
  eden space 2048K, 99% used [0x00000000d5580000,0x00000000d577c080,0x00000000d5780000)
  from space 512K, 56% used [0x00000000d5800000,0x00000000d5848000,0x00000000d5880000)
  to   space 512K, 0% used [0x00000000d5780000,0x00000000d5780000,0x00000000d5800000)
 ParOldGen       total 622080K, used 621977K [0x0000000080000000, 0x00000000a5f80000, 0x00000000d5580000)
  object space 622080K, 99% used [0x0000000080000000,0x00000000a5f66600,0x00000000a5f80000)
 Metaspace       used 69551K, committed 70976K, reserved 1114112K
  class space    used 7243K, committed 7872K, reserved 1048576K
}
Event: 41.110 GC heap after
{Heap after GC invocations=1016 (full 3):
 PSYoungGen      total 2560K, used 352K [0x00000000d5580000, 0x00000000d5880000, 0x0000000100000000)
  eden space 2048K, 0% used [0x00000000d5580000,0x00000000d5580000,0x00000000d5780000)
  from space 512K, 68% used [0x00000000d5780000,0x00000000d57d8000,0x00000000d5800000)
  to   space 512K, 0% used [0x00000000d5800000,0x00000000d5800000,0x00000000d5880000)
 ParOldGen       total 622592K, used 622233K [0x0000000080000000, 0x00000000a6000000, 0x00000000d5580000)
  object space 622592K, 99% used [0x0000000080000000,0x00000000a5fa6600,0x00000000a6000000)
 Metaspace       used 69551K, committed 70976K, reserved 1114112K
  class space    used 7243K, committed 7872K, reserved 1048576K
}
Event: 41.114 GC heap before
{Heap before GC invocations=1017 (full 3):
 PSYoungGen      total 2560K, used 2400K [0x00000000d5580000, 0x00000000d5880000, 0x0000000100000000)
  eden space 2048K, 100% used [0x00000000d5580000,0x00000000d5780000,0x00000000d5780000)
  from space 512K, 68% used [0x00000000d5780000,0x00000000d57d8000,0x00000000d5800000)
  to   space 512K, 0% used [0x00000000d5800000,0x00000000d5800000,0x00000000d5880000)
 ParOldGen       total 622592K, used 622233K [0x0000000080000000, 0x00000000a6000000, 0x00000000d5580000)
  object space 622592K, 99% used [0x0000000080000000,0x00000000a5fa6600,0x00000000a6000000)
 Metaspace       used 69551K, committed 70976K, reserved 1114112K
  class space    used 7243K, committed 7872K, reserved 1048576K
}
Event: 41.116 GC heap after
{Heap after GC invocations=1017 (full 3):
 PSYoungGen      total 2560K, used 288K [0x00000000d5580000, 0x00000000d5900000, 0x0000000100000000)
  eden space 2048K, 0% used [0x00000000d5580000,0x00000000d5580000,0x00000000d5780000)
  from space 512K, 56% used [0x00000000d5800000,0x00000000d5848000,0x00000000d5880000)
  to   space 512K, 0% used [0x00000000d5780000,0x00000000d5780000,0x00000000d5800000)
 ParOldGen       total 622592K, used 622441K [0x0000000080000000, 0x00000000a6000000, 0x00000000d5580000)
  object space 622592K, 99% used [0x0000000080000000,0x00000000a5fda600,0x00000000a6000000)
 Metaspace       used 69551K, committed 70976K, reserved 1114112K
  class space    used 7243K, committed 7872K, reserved 1048576K
}
Event: 41.139 GC heap before
{Heap before GC invocations=1018 (full 3):
 PSYoungGen      total 2560K, used 2335K [0x00000000d5580000, 0x00000000d5900000, 0x0000000100000000)
  eden space 2048K, 99% used [0x00000000d5580000,0x00000000d577fcd0,0x00000000d5780000)
  from space 512K, 56% used [0x00000000d5800000,0x00000000d5848000,0x00000000d5880000)
  to   space 512K, 0% used [0x00000000d5780000,0x00000000d5780000,0x00000000d5800000)
 ParOldGen       total 622592K, used 622441K [0x0000000080000000, 0x00000000a6000000, 0x00000000d5580000)
  object space 622592K, 99% used [0x0000000080000000,0x00000000a5fda600,0x00000000a6000000)
 Metaspace       used 69551K, committed 70976K, reserved 1114112K
  class space    used 7243K, committed 7872K, reserved 1048576K
}
Event: 41.141 GC heap after
{Heap after GC invocations=1018 (full 3):
 PSYoungGen      total 2560K, used 320K [0x00000000d5580000, 0x00000000d5880000, 0x0000000100000000)
  eden space 2048K, 0% used [0x00000000d5580000,0x00000000d5580000,0x00000000d5780000)
  from space 512K, 62% used [0x00000000d5780000,0x00000000d57d0000,0x00000000d5800000)
  to   space 512K, 0% used [0x00000000d5800000,0x00000000d5800000,0x00000000d5880000)
 ParOldGen       total 623104K, used 622697K [0x0000000080000000, 0x00000000a6080000, 0x00000000d5580000)
  object space 623104K, 99% used [0x0000000080000000,0x00000000a601a600,0x00000000a6080000)
 Metaspace       used 69551K, committed 70976K, reserved 1114112K
  class space    used 7243K, committed 7872K, reserved 1048576K
}
Event: 41.148 GC heap before
{Heap before GC invocations=1019 (full 3):
 PSYoungGen      total 2560K, used 2368K [0x00000000d5580000, 0x00000000d5880000, 0x0000000100000000)
  eden space 2048K, 100% used [0x00000000d5580000,0x00000000d5780000,0x00000000d5780000)
  from space 512K, 62% used [0x00000000d5780000,0x00000000d57d0000,0x00000000d5800000)
  to   space 512K, 0% used [0x00000000d5800000,0x00000000d5800000,0x00000000d5880000)
 ParOldGen       total 623104K, used 622697K [0x0000000080000000, 0x00000000a6080000, 0x00000000d5580000)
  object space 623104K, 99% used [0x0000000080000000,0x00000000a601a600,0x00000000a6080000)
 Metaspace       used 69551K, committed 70976K, reserved 1114112K
  class space    used 7243K, committed 7872K, reserved 1048576K
}
Event: 41.150 GC heap after
{Heap after GC invocations=1019 (full 3):
 PSYoungGen      total 2560K, used 320K [0x00000000d5580000, 0x00000000d5880000, 0x0000000100000000)
  eden space 2048K, 0% used [0x00000000d5580000,0x00000000d5580000,0x00000000d5780000)
  from space 512K, 62% used [0x00000000d5800000,0x00000000d5850000,0x00000000d5880000)
  to   space 512K, 0% used [0x00000000d5780000,0x00000000d5780000,0x00000000d5800000)
 ParOldGen       total 623104K, used 622921K [0x0000000080000000, 0x00000000a6080000, 0x00000000d5580000)
  object space 623104K, 99% used [0x0000000080000000,0x00000000a6052600,0x00000000a6080000)
 Metaspace       used 69551K, committed 70976K, reserved 1114112K
  class space    used 7243K, committed 7872K, reserved 1048576K
}
Event: 41.157 GC heap before
{Heap before GC invocations=1020 (full 3):
 PSYoungGen      total 2560K, used 2368K [0x00000000d5580000, 0x00000000d5880000, 0x0000000100000000)
  eden space 2048K, 100% used [0x00000000d5580000,0x00000000d5780000,0x00000000d5780000)
  from space 512K, 62% used [0x00000000d5800000,0x00000000d5850000,0x00000000d5880000)
  to   space 512K, 0% used [0x00000000d5780000,0x00000000d5780000,0x00000000d5800000)
 ParOldGen       total 623104K, used 622921K [0x0000000080000000, 0x00000000a6080000, 0x00000000d5580000)
  object space 623104K, 99% used [0x0000000080000000,0x00000000a6052600,0x00000000a6080000)
 Metaspace       used 69551K, committed 70976K, reserved 1114112K
  class space    used 7243K, committed 7872K, reserved 1048576K
}
Event: 41.159 GC heap after
{Heap after GC invocations=1020 (full 3):
 PSYoungGen      total 2560K, used 320K [0x00000000d5580000, 0x00000000d5900000, 0x0000000100000000)
  eden space 2048K, 0% used [0x00000000d5580000,0x00000000d5580000,0x00000000d5780000)
  from space 512K, 62% used [0x00000000d5780000,0x00000000d57d0000,0x00000000d5800000)
  to   space 512K, 0% used [0x00000000d5880000,0x00000000d5880000,0x00000000d5900000)
 ParOldGen       total 623616K, used 623169K [0x0000000080000000, 0x00000000a6100000, 0x00000000d5580000)
  object space 623616K, 99% used [0x0000000080000000,0x00000000a6090600,0x00000000a6100000)
 Metaspace       used 69551K, committed 70976K, reserved 1114112K
  class space    used 7243K, committed 7872K, reserved 1048576K
}
Event: 41.188 GC heap before
{Heap before GC invocations=1021 (full 3):
 PSYoungGen      total 2560K, used 2368K [0x00000000d5580000, 0x00000000d5900000, 0x0000000100000000)
  eden space 2048K, 100% used [0x00000000d5580000,0x00000000d5780000,0x00000000d5780000)
  from space 512K, 62% used [0x00000000d5780000,0x00000000d57d0000,0x00000000d5800000)
  to   space 512K, 0% used [0x00000000d5880000,0x00000000d5880000,0x00000000d5900000)
 ParOldGen       total 623616K, used 623169K [0x0000000080000000, 0x00000000a6100000, 0x00000000d5580000)
  object space 623616K, 99% used [0x0000000080000000,0x00000000a6090600,0x00000000a6100000)
 Metaspace       used 69551K, committed 70976K, reserved 1114112K
  class space    used 7243K, committed 7872K, reserved 1048576K
}
Event: 41.191 GC heap after
{Heap after GC invocations=1021 (full 3):
 PSYoungGen      total 2560K, used 492K [0x00000000d5580000, 0x00000000d5980000, 0x0000000100000000)
  eden space 2048K, 0% used [0x00000000d5580000,0x00000000d5580000,0x00000000d5780000)
  from space 512K, 96% used [0x00000000d5880000,0x00000000d58fb008,0x00000000d5900000)
  to   space 1024K, 0% used [0x00000000d5780000,0x00000000d5780000,0x00000000d5880000)
 ParOldGen       total 623616K, used 623417K [0x0000000080000000, 0x00000000a6100000, 0x00000000d5580000)
  object space 623616K, 99% used [0x0000000080000000,0x00000000a60ce600,0x00000000a6100000)
 Metaspace       used 69551K, committed 70976K, reserved 1114112K
  class space    used 7243K, committed 7872K, reserved 1048576K
}
Event: 41.230 GC heap before
{Heap before GC invocations=1022 (full 3):
 PSYoungGen      total 2560K, used 2540K [0x00000000d5580000, 0x00000000d5980000, 0x0000000100000000)
  eden space 2048K, 100% used [0x00000000d5580000,0x00000000d5780000,0x00000000d5780000)
  from space 512K, 96% used [0x00000000d5880000,0x00000000d58fb008,0x00000000d5900000)
  to   space 1024K, 0% used [0x00000000d5780000,0x00000000d5780000,0x00000000d5880000)
 ParOldGen       total 623616K, used 623417K [0x0000000080000000, 0x00000000a6100000, 0x00000000d5580000)
  object space 623616K, 99% used [0x0000000080000000,0x00000000a60ce600,0x00000000a6100000)
 Metaspace       used 69551K, committed 70976K, reserved 1114112K
  class space    used 7243K, committed 7872K, reserved 1048576K
}
Event: 41.232 GC heap after
{Heap after GC invocations=1022 (full 3):
 PSYoungGen      total 3072K, used 224K [0x00000000d5580000, 0x00000000d5900000, 0x0000000100000000)
  eden space 2048K, 0% used [0x00000000d5580000,0x00000000d5580000,0x00000000d5780000)
  from space 1024K, 21% used [0x00000000d5780000,0x00000000d57b8000,0x00000000d5880000)
  to   space 512K, 0% used [0x00000000d5880000,0x00000000d5880000,0x00000000d5900000)
 ParOldGen       total 624128K, used 623677K [0x0000000080000000, 0x00000000a6180000, 0x00000000d5580000)
  object space 624128K, 99% used [0x0000000080000000,0x00000000a610f608,0x00000000a6180000)
 Metaspace       used 69551K, committed 70976K, reserved 1114112K
  class space    used 7243K, committed 7872K, reserved 1048576K
}
Event: 41.237 GC heap before
{Heap before GC invocations=1023 (full 3):
 PSYoungGen      total 3072K, used 2256K [0x00000000d5580000, 0x00000000d5900000, 0x0000000100000000)
  eden space 2048K, 99% used [0x00000000d5580000,0x00000000d577c210,0x00000000d5780000)
  from space 1024K, 21% used [0x00000000d5780000,0x00000000d57b8000,0x00000000d5880000)
  to   space 512K, 0% used [0x00000000d5880000,0x00000000d5880000,0x00000000d5900000)
 ParOldGen       total 624128K, used 623677K [0x0000000080000000, 0x00000000a6180000, 0x00000000d5580000)
  object space 624128K, 99% used [0x0000000080000000,0x00000000a610f608,0x00000000a6180000)
 Metaspace       used 69551K, committed 70976K, reserved 1114112K
  class space    used 7243K, committed 7872K, reserved 1048576K
}
Event: 41.239 GC heap after
{Heap after GC invocations=1023 (full 3):
 PSYoungGen      total 2560K, used 352K [0x00000000d5580000, 0x00000000d5900000, 0x0000000100000000)
  eden space 2048K, 0% used [0x00000000d5580000,0x00000000d5580000,0x00000000d5780000)
  from space 512K, 68% used [0x00000000d5880000,0x00000000d58d8000,0x00000000d5900000)
  to   space 512K, 0% used [0x00000000d5800000,0x00000000d5800000,0x00000000d5880000)
 ParOldGen       total 624128K, used 623813K [0x0000000080000000, 0x00000000a6180000, 0x00000000d5580000)
  object space 624128K, 99% used [0x0000000080000000,0x00000000a6131608,0x00000000a6180000)
 Metaspace       used 69551K, committed 70976K, reserved 1114112K
  class space    used 7243K, committed 7872K, reserved 1048576K
}
Event: 41.260 GC heap before
{Heap before GC invocations=1024 (full 3):
 PSYoungGen      total 2560K, used 2400K [0x00000000d5580000, 0x00000000d5900000, 0x0000000100000000)
  eden space 2048K, 100% used [0x00000000d5580000,0x00000000d5780000,0x00000000d5780000)
  from space 512K, 68% used [0x00000000d5880000,0x00000000d58d8000,0x00000000d5900000)
  to   space 512K, 0% used [0x00000000d5800000,0x00000000d5800000,0x00000000d5880000)
 ParOldGen       total 624128K, used 623813K [0x0000000080000000, 0x00000000a6180000, 0x00000000d5580000)
  object space 624128K, 99% used [0x0000000080000000,0x00000000a6131608,0x00000000a6180000)
 Metaspace       used 69551K, committed 70976K, reserved 1114112K
  class space    used 7243K, committed 7872K, reserved 1048576K
}
Event: 41.263 GC heap after
{Heap after GC invocations=1024 (full 3):
 PSYoungGen      total 2560K, used 256K [0x00000000d5580000, 0x00000000d5900000, 0x0000000100000000)
  eden space 2048K, 0% used [0x00000000d5580000,0x00000000d5580000,0x00000000d5780000)
  from space 512K, 50% used [0x00000000d5800000,0x00000000d5840000,0x00000000d5880000)
  to   space 512K, 0% used [0x00000000d5880000,0x00000000d5880000,0x00000000d5900000)
 ParOldGen       total 624128K, used 624083K [0x0000000080000000, 0x00000000a6180000, 0x00000000d5580000)
  object space 624128K, 99% used [0x0000000080000000,0x00000000a6174c10,0x00000000a6180000)
 Metaspace       used 69551K, committed 70976K, reserved 1114112K
  class space    used 7243K, committed 7872K, reserved 1048576K
}

Dll operation events (12 events):
Event: 0.014 Loaded shared library c:\Users\andre\.vscode\extensions\redhat.java-1.44.0-win32-x64\jre\21.0.8-win32-x86_64\bin\java.dll
Event: 0.113 Loaded shared library c:\Users\andre\.vscode\extensions\redhat.java-1.44.0-win32-x64\jre\21.0.8-win32-x86_64\bin\zip.dll
Event: 0.144 Loaded shared library C:\Users\andre\.vscode\extensions\redhat.java-1.44.0-win32-x64\jre\21.0.8-win32-x86_64\bin\instrument.dll
Event: 0.153 Loaded shared library C:\Users\andre\.vscode\extensions\redhat.java-1.44.0-win32-x64\jre\21.0.8-win32-x86_64\bin\net.dll
Event: 0.158 Loaded shared library C:\Users\andre\.vscode\extensions\redhat.java-1.44.0-win32-x64\jre\21.0.8-win32-x86_64\bin\nio.dll
Event: 0.179 Loaded shared library C:\Users\andre\.vscode\extensions\redhat.java-1.44.0-win32-x64\jre\21.0.8-win32-x86_64\bin\zip.dll
Event: 0.211 Loaded shared library C:\Users\andre\.vscode\extensions\redhat.java-1.44.0-win32-x64\jre\21.0.8-win32-x86_64\bin\jimage.dll
Event: 0.397 Loaded shared library c:\Users\andre\.vscode\extensions\redhat.java-1.44.0-win32-x64\jre\21.0.8-win32-x86_64\bin\verify.dll
Event: 2.296 Loaded shared library C:\Users\andre\AppData\Roaming\Code\User\globalStorage\redhat.java\1.44.0\config_win\org.eclipse.equinox.launcher\org.eclipse.equinox.launcher.win32.win32.x86_64_1.2.1400.v20250730-1736\eclipse_11913.dll
Event: 6.346 Loaded shared library C:\Users\andre\AppData\Local\Temp\jna-92958282\jna16727273641440822012.dll
Event: 11.765 Loaded shared library C:\Users\andre\.vscode\extensions\redhat.java-1.44.0-win32-x64\jre\21.0.8-win32-x86_64\bin\sunmscapi.dll
Event: 11.964 Loaded shared library C:\Users\andre\.vscode\extensions\redhat.java-1.44.0-win32-x64\jre\21.0.8-win32-x86_64\bin\extnet.dll

Deoptimization events (20 events):
Event: 39.921 Thread 0x00000183df483d00 Uncommon trap: trap_request=0xffffff45 fr.pc=0x000001838c6ecf28 relative=0x0000000000001808
Event: 39.921 Thread 0x00000183df483d00 Uncommon trap: reason=unstable_if action=reinterpret pc=0x000001838c6ecf28 method=org.eclipse.jdt.internal.compiler.classfmt.FieldInfo.createField([B[IIJ)Lorg/eclipse/jdt/internal/compiler/classfmt/FieldInfo; @ 120 c2
Event: 39.921 Thread 0x00000183df483d00 DEOPT PACKING pc=0x000001838c6ecf28 sp=0x00000016502fea30
Event: 39.921 Thread 0x00000183df483d00 DEOPT UNPACKING pc=0x000001838bac3aa2 sp=0x00000016502fe9b8 mode 2
Event: 39.921 Thread 0x00000183df483d00 Uncommon trap: trap_request=0xffffff45 fr.pc=0x000001838c62d314 relative=0x0000000000001e34
Event: 39.921 Thread 0x00000183df483d00 Uncommon trap: reason=unstable_if action=reinterpret pc=0x000001838c62d314 method=org.eclipse.jdt.internal.compiler.classfmt.MethodInfo.createMethod([B[IIJ)Lorg/eclipse/jdt/internal/compiler/classfmt/MethodInfo; @ 167 c2
Event: 39.921 Thread 0x00000183df483d00 DEOPT PACKING pc=0x000001838c62d314 sp=0x00000016502fea30
Event: 39.921 Thread 0x00000183df483d00 DEOPT UNPACKING pc=0x000001838bac3aa2 sp=0x00000016502fe990 mode 2
Event: 39.922 Thread 0x00000183df483d00 Uncommon trap: trap_request=0xffffff45 fr.pc=0x000001838c334064 relative=0x0000000000000c64
Event: 39.922 Thread 0x00000183df483d00 Uncommon trap: reason=unstable_if action=reinterpret pc=0x000001838c334064 method=org.eclipse.jdt.internal.compiler.classfmt.MethodInfo.readModifierRelatedAttributes()V @ 136 c2
Event: 39.922 Thread 0x00000183df483d00 DEOPT PACKING pc=0x000001838c334064 sp=0x00000016502feae0
Event: 39.922 Thread 0x00000183df483d00 DEOPT UNPACKING pc=0x000001838bac3aa2 sp=0x00000016502feaa8 mode 2
Event: 40.086 Thread 0x00000183df483d00 Uncommon trap: trap_request=0xffffff45 fr.pc=0x000001838c6f9914 relative=0x00000000000019f4
Event: 40.086 Thread 0x00000183df483d00 Uncommon trap: reason=unstable_if action=reinterpret pc=0x000001838c6f9914 method=java.lang.String.<init>(Ljava/nio/charset/Charset;[BII)V @ 92 c2
Event: 40.086 Thread 0x00000183df483d00 DEOPT PACKING pc=0x000001838c6f9914 sp=0x00000016502fe720
Event: 40.086 Thread 0x00000183df483d00 DEOPT UNPACKING pc=0x000001838bac3aa2 sp=0x00000016502fe6d8 mode 2
Event: 41.236 Thread 0x00000183df483d00 Uncommon trap: trap_request=0xffffff45 fr.pc=0x000001838c6e989c relative=0x0000000000001adc
Event: 41.236 Thread 0x00000183df483d00 Uncommon trap: reason=unstable_if action=reinterpret pc=0x000001838c6e989c method=org.eclipse.jdt.internal.compiler.parser.Scanner.internalScanIdentifierOrKeyword(II[C)Lorg/eclipse/jdt/internal/compiler/parser/TerminalToken; @ 2328 c2
Event: 41.236 Thread 0x00000183df483d00 DEOPT PACKING pc=0x000001838c6e989c sp=0x00000016502fec90
Event: 41.236 Thread 0x00000183df483d00 DEOPT UNPACKING pc=0x000001838bac3aa2 sp=0x00000016502fec20 mode 2

Classes loaded (20 events):
Event: 32.094 Loading class sun/util/cldr/CLDRTimeZoneNameProviderImpl
Event: 32.096 Loading class sun/util/locale/provider/TimeZoneNameProviderImpl
Event: 32.098 Loading class sun/util/locale/provider/TimeZoneNameProviderImpl done
Event: 32.098 Loading class sun/util/cldr/CLDRTimeZoneNameProviderImpl done
Event: 32.102 Loading class sun/util/resources/cldr/TimeZoneNames
Event: 32.103 Loading class sun/util/resources/TimeZoneNamesBundle
Event: 32.104 Loading class sun/util/resources/OpenListResourceBundle
Event: 32.105 Loading class sun/util/resources/OpenListResourceBundle done
Event: 32.105 Loading class sun/util/resources/TimeZoneNamesBundle done
Event: 32.105 Loading class sun/util/resources/cldr/TimeZoneNames done
Event: 32.106 Loading class sun/util/resources/cldr/TimeZoneNames_en
Event: 32.111 Loading class sun/util/resources/cldr/TimeZoneNames_en done
Event: 32.111 Loading class sun/util/resources/cldr/TimeZoneNames_en_US
Event: 32.111 Loading class sun/util/resources/cldr/TimeZoneNames_en_US done
Event: 32.118 Loading class sun/util/cldr/CLDRBaseLocaleDataMetaInfo$TZCanonicalIDMapHolder
Event: 32.120 Loading class sun/util/cldr/CLDRBaseLocaleDataMetaInfo$TZCanonicalIDMapHolder done
Event: 32.123 Loading class sun/util/resources/TimeZoneNames
Event: 32.125 Loading class sun/util/resources/TimeZoneNames done
Event: 32.126 Loading class sun/util/resources/TimeZoneNames_en
Event: 32.126 Loading class sun/util/resources/TimeZoneNames_en done

Classes unloaded (7 events):
Event: 7.747 Thread 0x00000183976e3c60 Unloading class 0x00000183991ac000 'java/lang/invoke/LambdaForm$MH+0x00000183991ac000'
Event: 7.747 Thread 0x00000183976e3c60 Unloading class 0x00000183991abc00 'java/lang/invoke/LambdaForm$MH+0x00000183991abc00'
Event: 7.747 Thread 0x00000183976e3c60 Unloading class 0x00000183991ab800 'java/lang/invoke/LambdaForm$MH+0x00000183991ab800'
Event: 7.747 Thread 0x00000183976e3c60 Unloading class 0x00000183991ab400 'java/lang/invoke/LambdaForm$MH+0x00000183991ab400'
Event: 7.747 Thread 0x00000183976e3c60 Unloading class 0x00000183991ab000 'java/lang/invoke/LambdaForm$BMH+0x00000183991ab000'
Event: 7.747 Thread 0x00000183976e3c60 Unloading class 0x00000183991aac00 'java/lang/invoke/LambdaForm$DMH+0x00000183991aac00'
Event: 7.747 Thread 0x00000183976e3c60 Unloading class 0x00000183991a9800 'java/lang/invoke/LambdaForm$DMH+0x00000183991a9800'

Classes redefined (0 events):
No events

Internal exceptions (20 events):
Event: 35.661 Thread 0x00000183df483d00 Exception <a 'sun/nio/fs/WindowsException'{0x00000000d56e7250}> (0x00000000d56e7250) 
thrown [s\src\hotspot\share\prims\jni.cpp, line 520]
Event: 35.998 Thread 0x00000183df483d00 Exception <a 'sun/nio/fs/WindowsException'{0x00000000d56be900}> (0x00000000d56be900) 
thrown [s\src\hotspot\share\prims\jni.cpp, line 520]
Event: 36.143 Thread 0x00000183df483d00 Exception <a 'sun/nio/fs/WindowsException'{0x00000000d57ca2e8}> (0x00000000d57ca2e8) 
thrown [s\src\hotspot\share\prims\jni.cpp, line 520]
Event: 36.374 Thread 0x00000183df483d00 Exception <a 'sun/nio/fs/WindowsException'{0x00000000d5613460}> (0x00000000d5613460) 
thrown [s\src\hotspot\share\prims\jni.cpp, line 520]
Event: 37.701 Thread 0x00000183df483d00 Exception <a 'sun/nio/fs/WindowsException'{0x00000000d57cc798}> (0x00000000d57cc798) 
thrown [s\src\hotspot\share\prims\jni.cpp, line 520]
Event: 37.821 Thread 0x00000183df483d00 Exception <a 'sun/nio/fs/WindowsException'{0x00000000d566f190}> (0x00000000d566f190) 
thrown [s\src\hotspot\share\prims\jni.cpp, line 520]
Event: 37.842 Thread 0x00000183df483d00 Exception <a 'sun/nio/fs/WindowsException'{0x00000000d55b0f90}> (0x00000000d55b0f90) 
thrown [s\src\hotspot\share\prims\jni.cpp, line 520]
Event: 37.906 Thread 0x00000183df483d00 Exception <a 'sun/nio/fs/WindowsException'{0x00000000d56f30c0}> (0x00000000d56f30c0) 
thrown [s\src\hotspot\share\prims\jni.cpp, line 520]
Event: 39.867 Thread 0x00000183df483d00 Exception <a 'sun/nio/fs/WindowsException'{0x00000000d560edb0}> (0x00000000d560edb0) 
thrown [s\src\hotspot\share\prims\jni.cpp, line 520]
Event: 39.902 Thread 0x00000183df483d00 Exception <a 'sun/nio/fs/WindowsException'{0x00000000d55f2a18}> (0x00000000d55f2a18) 
thrown [s\src\hotspot\share\prims\jni.cpp, line 520]
Event: 40.019 Thread 0x00000183df483d00 Exception <a 'sun/nio/fs/WindowsException'{0x00000000d5588a40}> (0x00000000d5588a40) 
thrown [s\src\hotspot\share\prims\jni.cpp, line 520]
Event: 40.034 Thread 0x00000183df483d00 Exception <a 'sun/nio/fs/WindowsException'{0x00000000d5636780}> (0x00000000d5636780) 
thrown [s\src\hotspot\share\prims\jni.cpp, line 520]
Event: 40.236 Thread 0x00000183df483d00 Exception <a 'sun/nio/fs/WindowsException'{0x00000000d56fb238}> (0x00000000d56fb238) 
thrown [s\src\hotspot\share\prims\jni.cpp, line 520]
Event: 40.363 Thread 0x00000183df483d00 Exception <a 'sun/nio/fs/WindowsException'{0x00000000d5741928}> (0x00000000d5741928) 
thrown [s\src\hotspot\share\prims\jni.cpp, line 520]
Event: 40.750 Thread 0x00000183df483d00 Exception <a 'sun/nio/fs/WindowsException'{0x00000000d574be80}> (0x00000000d574be80) 
thrown [s\src\hotspot\share\prims\jni.cpp, line 520]
Event: 40.887 Thread 0x00000183df483d00 Exception <a 'sun/nio/fs/WindowsException'{0x00000000d5689298}> (0x00000000d5689298) 
thrown [s\src\hotspot\share\prims\jni.cpp, line 520]
Event: 40.930 Thread 0x00000183df483d00 Exception <a 'sun/nio/fs/WindowsException'{0x00000000d55c9988}> (0x00000000d55c9988) 
thrown [s\src\hotspot\share\prims\jni.cpp, line 520]
Event: 41.216 Thread 0x00000183df483d00 Exception <a 'sun/nio/fs/WindowsException'{0x00000000d569dd88}> (0x00000000d569dd88) 
thrown [s\src\hotspot\share\prims\jni.cpp, line 520]
Event: 41.248 Thread 0x00000183df483d00 Exception <a 'sun/nio/fs/WindowsException'{0x00000000d5715fb0}> (0x00000000d5715fb0) 
thrown [s\src\hotspot\share\prims\jni.cpp, line 520]
Event: 41.267 Thread 0x00000183df483d00 Exception <a 'sun/nio/fs/WindowsException'{0x00000000d55bbc28}> (0x00000000d55bbc28) 
thrown [s\src\hotspot\share\prims\jni.cpp, line 520]

ZGC Phase Switch (0 events):
No events

VM Operations (20 events):
Event: 41.099 Executing VM operation: ParallelGCFailedAllocation (Allocation Failure)
Event: 41.102 Executing VM operation: ParallelGCFailedAllocation (Allocation Failure) done
Event: 41.108 Executing VM operation: ParallelGCFailedAllocation (Allocation Failure)
Event: 41.110 Executing VM operation: ParallelGCFailedAllocation (Allocation Failure) done
Event: 41.114 Executing VM operation: ParallelGCFailedAllocation (Allocation Failure)
Event: 41.116 Executing VM operation: ParallelGCFailedAllocation (Allocation Failure) done
Event: 41.139 Executing VM operation: ParallelGCFailedAllocation (Allocation Failure)
Event: 41.141 Executing VM operation: ParallelGCFailedAllocation (Allocation Failure) done
Event: 41.148 Executing VM operation: ParallelGCFailedAllocation (Allocation Failure)
Event: 41.151 Executing VM operation: ParallelGCFailedAllocation (Allocation Failure) done
Event: 41.157 Executing VM operation: ParallelGCFailedAllocation (Allocation Failure)
Event: 41.159 Executing VM operation: ParallelGCFailedAllocation (Allocation Failure) done
Event: 41.188 Executing VM operation: ParallelGCFailedAllocation (Allocation Failure)
Event: 41.191 Executing VM operation: ParallelGCFailedAllocation (Allocation Failure) done
Event: 41.230 Executing VM operation: ParallelGCFailedAllocation (Allocation Failure)
Event: 41.232 Executing VM operation: ParallelGCFailedAllocation (Allocation Failure) done
Event: 41.237 Executing VM operation: ParallelGCFailedAllocation (Allocation Failure)
Event: 41.239 Executing VM operation: ParallelGCFailedAllocation (Allocation Failure) done
Event: 41.260 Executing VM operation: ParallelGCFailedAllocation (Allocation Failure)
Event: 41.263 Executing VM operation: ParallelGCFailedAllocation (Allocation Failure) done

Memory protections (0 events):
No events

Nmethod flushes (20 events):
Event: 17.024 Thread 0x00000183976e3c60 flushing osr nmethod 0x0000018384e64710
Event: 17.024 Thread 0x00000183976e3c60 flushing  nmethod 0x0000018384e8fb90
Event: 17.024 Thread 0x00000183976e3c60 flushing  nmethod 0x0000018384e95010
Event: 17.024 Thread 0x00000183976e3c60 flushing  nmethod 0x0000018384e95a90
Event: 17.024 Thread 0x00000183976e3c60 flushing  nmethod 0x0000018384eaa490
Event: 17.024 Thread 0x00000183976e3c60 flushing  nmethod 0x0000018384eab290
Event: 17.024 Thread 0x00000183976e3c60 flushing  nmethod 0x0000018384eaba90
Event: 17.024 Thread 0x00000183976e3c60 flushing  nmethod 0x0000018384eac090
Event: 17.024 Thread 0x00000183976e3c60 flushing  nmethod 0x0000018384eac910
Event: 17.024 Thread 0x00000183976e3c60 flushing  nmethod 0x0000018384eaf690
Event: 17.024 Thread 0x00000183976e3c60 flushing  nmethod 0x0000018384eb1b10
Event: 17.024 Thread 0x00000183976e3c60 flushing  nmethod 0x0000018384eb5f90
Event: 17.024 Thread 0x00000183976e3c60 flushing  nmethod 0x0000018384ecbf90
Event: 17.024 Thread 0x00000183976e3c60 flushing  nmethod 0x0000018384ece590
Event: 17.024 Thread 0x00000183976e3c60 flushing  nmethod 0x0000018384edff90
Event: 17.024 Thread 0x00000183976e3c60 flushing  nmethod 0x0000018384eec510
Event: 17.024 Thread 0x00000183976e3c60 flushing  nmethod 0x0000018384f2b310
Event: 17.024 Thread 0x00000183976e3c60 flushing  nmethod 0x0000018384f2cb90
Event: 17.024 Thread 0x00000183976e3c60 flushing  nmethod 0x0000018384f2e110
Event: 17.024 Thread 0x00000183976e3c60 flushing  nmethod 0x0000018384f30b90

Events (20 events):
Event: 24.000 Thread 0x00000183df4822c0 Thread added: 0x00000183e2597ff0
Event: 24.001 Thread 0x00000183df4822c0 Thread added: 0x00000183e2597960
Event: 24.001 Thread 0x00000183df4822c0 Thread added: 0x00000183e259ef80
Event: 24.001 Thread 0x00000183df4822c0 Thread added: 0x00000183e2598680
Event: 24.002 Thread 0x00000183df4822c0 Thread added: 0x00000183e259a750
Event: 25.002 Thread 0x00000183e2598680 Thread exited: 0x00000183e2598680
Event: 25.002 Thread 0x00000183e2597ff0 Thread exited: 0x00000183e2597ff0
Event: 25.003 Thread 0x00000183e259a750 Thread exited: 0x00000183e259a750
Event: 25.003 Thread 0x00000183e259ef80 Thread exited: 0x00000183e259ef80
Event: 25.004 Thread 0x00000183e2597960 Thread exited: 0x00000183e2597960
Event: 26.106 Thread 0x00000183df4822c0 Thread added: 0x00000183e1ca8b30
Event: 26.107 Thread 0x00000183df4822c0 Thread added: 0x00000183e1ca84a0
Event: 26.107 Thread 0x00000183df4822c0 Thread added: 0x00000183e1ca70f0
Event: 26.107 Thread 0x00000183df4822c0 Thread added: 0x00000183e1ca91c0
Event: 26.107 Thread 0x00000183df4822c0 Thread added: 0x00000183e1ca5d40
Event: 26.277 Thread 0x00000183e1ca84a0 Thread exited: 0x00000183e1ca84a0
Event: 26.278 Thread 0x00000183e1ca8b30 Thread exited: 0x00000183e1ca8b30
Event: 26.298 Thread 0x00000183e1ca5d40 Thread exited: 0x00000183e1ca5d40
Event: 26.302 Thread 0x00000183e1ca70f0 Thread exited: 0x00000183e1ca70f0
Event: 26.307 Thread 0x00000183e1ca91c0 Thread exited: 0x00000183e1ca91c0


Dynamic libraries:
0x00007ff712e50000 - 0x00007ff712e5e000 	c:\Users\andre\.vscode\extensions\redhat.java-1.44.0-win32-x64\jre\21.0.8-win32-x86_64\bin\java.exe
0x00007ffbf1310000 - 0x00007ffbf1527000 	C:\Windows\SYSTEM32\ntdll.dll
0x00007ffbefe60000 - 0x00007ffbeff24000 	C:\Windows\System32\KERNEL32.DLL
0x00007ffbee6e0000 - 0x00007ffbeeab2000 	C:\Windows\System32\KERNELBASE.dll
0x00007ffbeec80000 - 0x00007ffbeed91000 	C:\Windows\System32\ucrtbase.dll
0x00007ffbd9b00000 - 0x00007ffbd9b1e000 	c:\Users\andre\.vscode\extensions\redhat.java-1.44.0-win32-x64\jre\21.0.8-win32-x86_64\bin\VCRUNTIME140.dll
0x00007ffbdad40000 - 0x00007ffbdad58000 	c:\Users\andre\.vscode\extensions\redhat.java-1.44.0-win32-x64\jre\21.0.8-win32-x86_64\bin\jli.dll
0x00007ffbefc70000 - 0x00007ffbefe21000 	C:\Windows\System32\USER32.dll
0x00007ffbd1880000 - 0x00007ffbd1b1b000 	C:\Windows\WinSxS\amd64_microsoft.windows.common-controls_6595b64144ccf1df_6.0.22621.5547_none_27104afb73855772\COMCTL32.dll
0x00007ffbeef10000 - 0x00007ffbeef36000 	C:\Windows\System32\win32u.dll
0x00007ffbf0d90000 - 0x00007ffbf0e37000 	C:\Windows\System32\msvcrt.dll
0x00007ffbefe30000 - 0x00007ffbefe59000 	C:\Windows\System32\GDI32.dll
0x00007ffbee5b0000 - 0x00007ffbee6d3000 	C:\Windows\System32\gdi32full.dll
0x00007ffbee510000 - 0x00007ffbee5aa000 	C:\Windows\System32\msvcp_win.dll
0x00007ffbeff30000 - 0x00007ffbeff61000 	C:\Windows\System32\IMM32.DLL
0x00007ffbec040000 - 0x00007ffbec04c000 	c:\Users\andre\.vscode\extensions\redhat.java-1.44.0-win32-x64\jre\21.0.8-win32-x86_64\bin\vcruntime140_1.dll
0x00007ffbd6980000 - 0x00007ffbd6a0d000 	c:\Users\andre\.vscode\extensions\redhat.java-1.44.0-win32-x64\jre\21.0.8-win32-x86_64\bin\msvcp140.dll
0x00007ffb9c630000 - 0x00007ffb9d3c7000 	c:\Users\andre\.vscode\extensions\redhat.java-1.44.0-win32-x64\jre\21.0.8-win32-x86_64\bin\server\jvm.dll
0x00007ffbef590000 - 0x00007ffbef641000 	C:\Windows\System32\ADVAPI32.dll
0x00007ffbf0ff0000 - 0x00007ffbf1098000 	C:\Windows\System32\sechost.dll
0x00007ffbeef40000 - 0x00007ffbeef68000 	C:\Windows\System32\bcrypt.dll
0x00007ffbf01c0000 - 0x00007ffbf02d4000 	C:\Windows\System32\RPCRT4.dll
0x00007ffbf0140000 - 0x00007ffbf01b1000 	C:\Windows\System32\WS2_32.dll
0x00007ffbe4000000 - 0x00007ffbe400a000 	C:\Windows\SYSTEM32\VERSION.dll
0x00007ffbe8d70000 - 0x00007ffbe8da4000 	C:\Windows\SYSTEM32\WINMM.dll
0x00007ffbede50000 - 0x00007ffbede9d000 	C:\Windows\SYSTEM32\POWRPROF.dll
0x00007ffbede30000 - 0x00007ffbede43000 	C:\Windows\SYSTEM32\UMPDC.dll
0x00007ffbed3d0000 - 0x00007ffbed3e8000 	C:\Windows\SYSTEM32\kernel.appcore.dll
0x00007ffbdaf90000 - 0x00007ffbdaf9a000 	c:\Users\andre\.vscode\extensions\redhat.java-1.44.0-win32-x64\jre\21.0.8-win32-x86_64\bin\jimage.dll
0x00007ffbebdf0000 - 0x00007ffbec023000 	C:\Windows\SYSTEM32\DBGHELP.DLL
0x00007ffbeefa0000 - 0x00007ffbef333000 	C:\Windows\System32\combase.dll
0x00007ffbf03f0000 - 0x00007ffbf04c7000 	C:\Windows\System32\OLEAUT32.dll
0x00007ffbd6b10000 - 0x00007ffbd6b42000 	C:\Windows\SYSTEM32\dbgcore.DLL
0x00007ffbeeac0000 - 0x00007ffbeeb3b000 	C:\Windows\System32\bcryptPrimitives.dll
0x00007ffbdacd0000 - 0x00007ffbdacdf000 	c:\Users\andre\.vscode\extensions\redhat.java-1.44.0-win32-x64\jre\21.0.8-win32-x86_64\bin\instrument.dll
0x00007ffbd6a30000 - 0x00007ffbd6a4f000 	c:\Users\andre\.vscode\extensions\redhat.java-1.44.0-win32-x64\jre\21.0.8-win32-x86_64\bin\java.dll
0x00007ffbf04d0000 - 0x00007ffbf0d72000 	C:\Windows\System32\SHELL32.dll
0x00007ffbeeb40000 - 0x00007ffbeec7f000 	C:\Windows\System32\wintypes.dll
0x00007ffbec2b0000 - 0x00007ffbecbcd000 	C:\Windows\SYSTEM32\windows.storage.dll
0x00007ffbf0e40000 - 0x00007ffbf0f4c000 	C:\Windows\System32\SHCORE.dll
0x00007ffbef4f0000 - 0x00007ffbef559000 	C:\Windows\System32\shlwapi.dll
0x00007ffbee300000 - 0x00007ffbee32b000 	C:\Windows\SYSTEM32\profapi.dll
0x00007ffbbd040000 - 0x00007ffbbd058000 	c:\Users\andre\.vscode\extensions\redhat.java-1.44.0-win32-x64\jre\21.0.8-win32-x86_64\bin\zip.dll
0x00007ffbd0aa0000 - 0x00007ffbd0ab0000 	C:\Users\andre\.vscode\extensions\redhat.java-1.44.0-win32-x64\jre\21.0.8-win32-x86_64\bin\net.dll
0x00007ffbe9c00000 - 0x00007ffbe9d2c000 	C:\Windows\SYSTEM32\WINHTTP.dll
0x00007ffbed850000 - 0x00007ffbed8b9000 	C:\Windows\system32\mswsock.dll
0x00007ffbbbee0000 - 0x00007ffbbbef6000 	C:\Users\andre\.vscode\extensions\redhat.java-1.44.0-win32-x64\jre\21.0.8-win32-x86_64\bin\nio.dll
0x00007ffbc0620000 - 0x00007ffbc0630000 	c:\Users\andre\.vscode\extensions\redhat.java-1.44.0-win32-x64\jre\21.0.8-win32-x86_64\bin\verify.dll
0x00007ffbbbab0000 - 0x00007ffbbbaf5000 	C:\Users\andre\AppData\Roaming\Code\User\globalStorage\redhat.java\1.44.0\config_win\org.eclipse.equinox.launcher\org.eclipse.equinox.launcher.win32.win32.x86_64_1.2.1400.v20250730-1736\eclipse_11913.dll
0x00007ffbefad0000 - 0x00007ffbefc70000 	C:\Windows\System32\ole32.dll
0x00007ffbedab0000 - 0x00007ffbedacb000 	C:\Windows\SYSTEM32\CRYPTSP.dll
0x00007ffbed330000 - 0x00007ffbed367000 	C:\Windows\system32\rsaenh.dll
0x00007ffbed950000 - 0x00007ffbed978000 	C:\Windows\SYSTEM32\USERENV.dll
0x00007ffbedad0000 - 0x00007ffbedadc000 	C:\Windows\SYSTEM32\CRYPTBASE.dll
0x00007ffbece70000 - 0x00007ffbece9d000 	C:\Windows\SYSTEM32\IPHLPAPI.DLL
0x00007ffbf0fe0000 - 0x00007ffbf0fe9000 	C:\Windows\System32\NSI.dll
0x00007ffbd7e50000 - 0x00007ffbd7e99000 	C:\Users\andre\AppData\Local\Temp\jna-92958282\jna16727273641440822012.dll
0x00007ffbef580000 - 0x00007ffbef588000 	C:\Windows\System32\PSAPI.DLL
0x00007ffbe87b0000 - 0x00007ffbe87c9000 	C:\Windows\SYSTEM32\dhcpcsvc6.DLL
0x00007ffbe8790000 - 0x00007ffbe87af000 	C:\Windows\SYSTEM32\dhcpcsvc.DLL
0x00007ffbea030000 - 0x00007ffbea03e000 	C:\Users\andre\.vscode\extensions\redhat.java-1.44.0-win32-x64\jre\21.0.8-win32-x86_64\bin\sunmscapi.dll
0x00007ffbeeda0000 - 0x00007ffbeef07000 	C:\Windows\System32\CRYPT32.dll
0x00007ffbedd10000 - 0x00007ffbedd3d000 	C:\Windows\SYSTEM32\ncrypt.dll
0x00007ffbedcc0000 - 0x00007ffbedcf7000 	C:\Windows\SYSTEM32\NTASN1.dll
0x00007ffbecea0000 - 0x00007ffbecf98000 	C:\Windows\SYSTEM32\DNSAPI.dll
0x00007ffbe5f50000 - 0x00007ffbe5f5a000 	C:\Windows\System32\rasadhlp.dll
0x00007ffbe5590000 - 0x00007ffbe5614000 	C:\Windows\System32\fwpuclnt.dll
0x00007ffbe8fb0000 - 0x00007ffbe8fb9000 	C:\Users\andre\.vscode\extensions\redhat.java-1.44.0-win32-x64\jre\21.0.8-win32-x86_64\bin\extnet.dll
0x00007ffbed4e0000 - 0x00007ffbed514000 	C:\Windows\SYSTEM32\ntmarta.dll

JVMTI agents:
c:\Users\andre\.vscode\extensions\redhat.java-1.44.0-win32-x64\lombok\lombok-1.18.39-4050.jar path:c:\Users\andre\.vscode\extensions\redhat.java-1.44.0-win32-x64\jre\21.0.8-win32-x86_64\bin\instrument.dll, loaded, initialized, instrumentlib options:none

dbghelp: loaded successfully - version: 4.0.5 - missing functions: none
symbol engine: initialized successfully - sym options: 0x614 - pdb path: .;c:\Users\andre\.vscode\extensions\redhat.java-1.44.0-win32-x64\jre\21.0.8-win32-x86_64\bin;C:\Windows\SYSTEM32;C:\Windows\WinSxS\amd64_microsoft.windows.common-controls_6595b64144ccf1df_6.0.22621.5547_none_27104afb73855772;c:\Users\andre\.vscode\extensions\redhat.java-1.44.0-win32-x64\jre\21.0.8-win32-x86_64\bin\server;C:\Users\andre\AppData\Roaming\Code\User\globalStorage\redhat.java\1.44.0\config_win\org.eclipse.equinox.launcher\org.eclipse.equinox.launcher.win32.win32.x86_64_1.2.1400.v20250730-1736;C:\Users\andre\AppData\Local\Temp\jna-92958282

VM Arguments:
jvm_args: --add-modules=ALL-SYSTEM --add-opens=java.base/java.util=ALL-UNNAMED --add-opens=java.base/java.lang=ALL-UNNAMED --add-opens=java.base/sun.nio.fs=ALL-UNNAMED -Declipse.application=org.eclipse.jdt.ls.core.id1 -Dosgi.bundles.defaultStartLevel=4 -Declipse.product=org.eclipse.jdt.ls.core.product -Djava.import.generatesMetadataFilesAtProjectRoot=false -DDetectVMInstallationsJob.disabled=true -Dfile.encoding=utf8 -XX:+UseParallelGC -XX:GCTimeRatio=4 -XX:AdaptiveSizePolicyWeight=90 -Dsun.zip.disableMemoryMapping=true -Xmx2G -Xms100m -Xlog:disable -javaagent:c:\Users\andre\.vscode\extensions\redhat.java-1.44.0-win32-x64\lombok\lombok-1.18.39-4050.jar -XX:+HeapDumpOnOutOfMemoryError -XX:HeapDumpPath=c:\Users\andre\AppData\Roaming\Code\User\workspaceStorage\2d5448ae8308d3bbb337b6c3cdaecd3a\redhat.java -Daether.dependencyCollector.impl=bf 
java_command: c:\Users\andre\.vscode\extensions\redhat.java-1.44.0-win32-x64\server\plugins\org.eclipse.equinox.launcher_1.7.0.v20250519-0528.jar -configuration c:\Users\andre\AppData\Roaming\Code\User\globalStorage\redhat.java\1.44.0\config_win -data c:\Users\andre\AppData\Roaming\Code\User\workspaceStorage\2d5448ae8308d3bbb337b6c3cdaecd3a\redhat.java\jdt_ws --pipe=\\.\pipe\lsp-2e4af9f6b38425b35aa4865739a5c2c2-sock
java_class_path (initial): c:\Users\andre\.vscode\extensions\redhat.java-1.44.0-win32-x64\server\plugins\org.eclipse.equinox.launcher_1.7.0.v20250519-0528.jar
Launcher Type: SUN_STANDARD

[Global flags]
    uintx AdaptiveSizePolicyWeight                 = 90                                        {product} {command line}
     intx CICompilerCount                          = 4                                         {product} {ergonomic}
    uintx GCTimeRatio                              = 4                                         {product} {command line}
     bool HeapDumpOnOutOfMemoryError               = true                                   {manageable} {command line}
    ccstr HeapDumpPath                             = c:\Users\andre\AppData\Roaming\Code\User\workspaceStorage\2d5448ae8308d3bbb337b6c3cdaecd3a\redhat.java         {manageable} {command line}
   size_t InitialHeapSize                          = 104857600                                 {product} {command line}
   size_t MaxHeapSize                              = 2147483648                                {product} {command line}
   size_t MaxNewSize                               = 715653120                                 {product} {ergonomic}
   size_t MinHeapDeltaBytes                        = 524288                                    {product} {ergonomic}
   size_t MinHeapSize                              = 104857600                                 {product} {command line}
   size_t NewSize                                  = 34603008                                  {product} {ergonomic}
    uintx NonNMethodCodeHeapSize                   = 5839372                                {pd product} {ergonomic}
    uintx NonProfiledCodeHeapSize                  = 122909434                              {pd product} {ergonomic}
   size_t OldSize                                  = 70254592                                  {product} {ergonomic}
    uintx ProfiledCodeHeapSize                     = 122909434                              {pd product} {ergonomic}
    uintx ReservedCodeCacheSize                    = 251658240                              {pd product} {ergonomic}
     bool SegmentedCodeCache                       = true                                      {product} {ergonomic}
   size_t SoftMaxHeapSize                          = 2147483648                             {manageable} {ergonomic}
     bool UseCompressedOops                        = true                           {product lp64_product} {ergonomic}
     bool UseLargePagesIndividualAllocation        = false                                  {pd product} {ergonomic}
     bool UseParallelGC                            = true                                      {product} {command line}

Logging:
Log output configuration:
 #0: stdout all=off uptime,level,tags foldmultilines=false
 #1: stderr all=off uptime,level,tags foldmultilines=false

Environment Variables:
JAVA_HOME=C:\Program Files\Java\jdk-21
PATH=C:\Program Files\Microsoft SDKs\Azure\CLI2\wbin;C:\Program Files\Common Files\Oracle\Java\javapath;C:\Program Files (x86)\Common Files\Oracle\Java\javapath;C:\Program Files (x86)\VMware\VMware Player\bin\;C:\Program Files\Eclipse Adoptium\jdk-17.0.8.7-hotspot\bin;C:\Windows\system32;C:\Windows;C:\Windows\System32\Wbem;C:\Windows\System32\WindowsPowerShell\v1.0\;C:\Windows\System32\OpenSSH\;C:\apache-maven-3.9.4\\bin;C:\Program Files\Java\jdk-21\bin;C:\Program Files\Docker\Docker\resources\bin;C:\Gradle\gradle-8.6\bin;C:\Program Files\Amazon\AWSSAMCLI\bin\;C:\ProgramData\chocolatey\bin;C:\Program Files\7-Zip;C:\Program Files\dotnet\;C:\Program Files\Amazon\AWSCLIV2\;C:\Program Files\nodejs\;C:\Program Files\Git\cmd;C:\Users\andre\scoop\shims;C:\Users\andre\AppData\Local\Microsoft\WindowsApps;C:\Users\andre\AppData\Local\Programs\Microsoft VS Code\bin;C:\Users\andre\AppData\Local\Programs\Fiddler;C:\Users\andre\.dotnet\tools;C:\Users\andre\AppData\Local\Programs\Python\Python311\;C:\Users\andre\AppData\Local\Programs\Python\Python311\Scripts\;C:\Users\andre\AppData\Local\Packages\PythonSoftwareFoundation.Python.3.11_qbz5n2kfra8p0\LocalCache\local-packages\Python311\Scripts;C:\Users\andre\AppData\Roaming\npm
USERNAME=andre
OS=Windows_NT
PROCESSOR_IDENTIFIER=AMD64 Family 23 Model 160 Stepping 0, AuthenticAMD
TMP=C:\Users\andre\AppData\Local\Temp
TEMP=C:\Users\andre\AppData\Local\Temp




Periodic native trim disabled

---------------  S Y S T E M  ---------------

OS:
 Windows 11 , 64 bit Build 22621 (10.0.22621.5415)
OS uptime: 5 days 2:44 hours
Hyper-V role detected

CPU: total 8 (initial active 8) (8 cores per cpu, 2 threads per core) family 23 model 160 stepping 0 microcode 0x0, cx8, cmov, fxsr, ht, mmx, 3dnowpref, sse, sse2, sse3, ssse3, sse4a, sse4.1, sse4.2, popcnt, lzcnt, tsc, tscinvbit, avx, avx2, aes, clmul, bmi1, bmi2, adx, sha, fma, vzeroupper, clflush, clflushopt, hv, rdtscp, rdpid, f16c
Processor Information for the first 8 processors :
  Max Mhz: 2801, Current Mhz: 2801, Mhz Limit: 2801

Memory: 4k page, system-wide physical 5965M (201M free)
TotalPageFile size 24397M (AvailPageFile size 56M)
current process WorkingSet (physical memory assigned to process): 335M, peak: 696M
current process commit charge ("private bytes"): 907M, peak: 907M

vm_info: OpenJDK 64-Bit Server VM (21.0.8+9-LTS) for windows-amd64 JRE (21.0.8+9-LTS), built on 2025-07-15T00:00:00Z by "admin" with MS VC++ 17.7 (VS2022)

END.
