#
# There is insufficient memory for the Java Runtime Environment to continue.
# Native memory allocation (malloc) failed to allocate 1048576 bytes. Error detail: AllocateHeap
# Possible reasons:
#   The system is out of physical RAM or swap space
#   This process is running with CompressedOops enabled, and the Java Heap may be blocking the growth of the native heap
# Possible solutions:
#   Reduce memory load on the system
#   Increase physical memory or swap space
#   Check if swap backing store is full
#   Decrease Java heap size (-Xmx/-Xms)
#   Decrease number of Java threads
#   Decrease Java thread stack sizes (-Xss)
#   Set larger code cache with -XX:ReservedCodeCacheSize=
#   JVM is running with Unscaled Compressed Oops mode in which the Java heap is
#     placed in the first 4GB address space. The Java Heap base address is the
#     maximum limit for the native heap growth. Please use -XX:HeapBaseMinAddress
#     to set the Java Heap base and to place the Java Heap above 4GB virtual address.
# This output file may be truncated or incomplete.
#
#  Out of Memory Error (allocation.cpp:44), pid=27292, tid=27792
#
# JRE version:  (21.0.8+9) (build )
# Java VM: OpenJDK 64-Bit Server VM (21.0.8+9-LTS, mixed mode, tiered, compressed oops, compressed class ptrs, parallel gc, windows-amd64)
# No core dump will be written. Minidumps are not enabled by default on client versions of Windows
#

---------------  S U M M A R Y ------------

Command Line: --add-modules=ALL-SYSTEM --add-opens=java.base/java.util=ALL-UNNAMED --add-opens=java.base/java.lang=ALL-UNNAMED --add-opens=java.base/sun.nio.fs=ALL-UNNAMED -Declipse.application=org.eclipse.jdt.ls.core.id1 -Dosgi.bundles.defaultStartLevel=4 -Declipse.product=org.eclipse.jdt.ls.core.product -Djava.import.generatesMetadataFilesAtProjectRoot=false -DDetectVMInstallationsJob.disabled=true -Dfile.encoding=utf8 -XX:+UseParallelGC -XX:GCTimeRatio=4 -XX:AdaptiveSizePolicyWeight=90 -Dsun.zip.disableMemoryMapping=true -Xmx2G -Xms100m -Xlog:disable -javaagent:c:\Users\andre\.vscode\extensions\redhat.java-1.44.0-win32-x64\lombok\lombok-1.18.39-4050.jar -XX:+HeapDumpOnOutOfMemoryError -XX:HeapDumpPath=c:\Users\andre\AppData\Roaming\Code\User\workspaceStorage\2d5448ae8308d3bbb337b6c3cdaecd3a\redhat.java -Daether.dependencyCollector.impl=bf c:\Users\andre\.vscode\extensions\redhat.java-1.44.0-win32-x64\server\plugins\org.eclipse.equinox.launcher_1.7.0.v20250519-0528.jar -configuration c:\Users\andre\AppData\Roaming\Code\User\globalStorage\redhat.java\1.44.0\config_win -data c:\Users\andre\AppData\Roaming\Code\User\workspaceStorage\2d5448ae8308d3bbb337b6c3cdaecd3a\redhat.java\jdt_ws --pipe=\\.\pipe\lsp-d470cd039d533b2e14cb8acfcbc08783-sock

Host: AMD Ryzen 5 7520U with Radeon Graphics         , 8 cores, 5G,  Windows 11 , 64 bit Build 22621 (10.0.22621.5415)
Time: Mon Aug  4 19:51:32 2025 Hora est. Pacífico, Sudamérica elapsed time: 1.356526 seconds (0d 0h 0m 1s)

---------------  T H R E A D  ---------------

Current thread (0x00000277cfd12840):  JavaThread "Unknown thread" [_thread_in_vm, id=27792, stack(0x000000eb73e00000,0x000000eb73f00000) (1024K)]

Stack: [0x000000eb73e00000,0x000000eb73f00000]
Native frames: (J=compiled Java code, j=interpreted, Vv=VM code, C=native code)
V  [jvm.dll+0x6d2449]
V  [jvm.dll+0x8ae341]
V  [jvm.dll+0x8b08be]
V  [jvm.dll+0x8b0fa3]
V  [jvm.dll+0x280c96]
V  [jvm.dll+0xc0347]
V  [jvm.dll+0x706540]
V  [jvm.dll+0x7070ac]
V  [jvm.dll+0x6e0f43]
V  [jvm.dll+0x877c7c]
V  [jvm.dll+0x3becec]
V  [jvm.dll+0x8606d8]
V  [jvm.dll+0x4530ee]
V  [jvm.dll+0x454d31]
C  [jli.dll+0x5278]
C  [ucrtbase.dll+0x29333]
C  [KERNEL32.DLL+0x1259d]
C  [ntdll.dll+0x5af78]


---------------  P R O C E S S  ---------------

Threads class SMR info:
_java_thread_list=0x00000277cfd7b620, length=1, elements={
0x00000277cfd12840
}

Java Threads: ( => current thread )
=>0x00000277cfd12840 JavaThread "Unknown thread"             [_thread_in_vm, id=27792, stack(0x000000eb73e00000,0x000000eb73f00000) (1024K)]
Total: 1

Other Threads:
  0x00000277800dca00 WatcherThread "VM Periodic Task Thread"        [id=7008, stack(0x000000eb74000000,0x000000eb74100000) (1024K)]
  0x00000277cfd2fa30 WorkerThread "GC Thread#0"                     [id=29292, stack(0x000000eb73f00000,0x000000eb74000000) (1024K)]
Total: 2

Threads with active compile tasks:
Total: 0

VM state: not at safepoint (normal execution)

VM Mutex/Monitor currently owned by a thread: None

Heap address: 0x0000000080000000, size: 2048 MB, Compressed Oops mode: 32-bit

CDS archive(s) not mapped
Compressed class space mapped at: 0x0000000100000000-0x0000000140000000, reserved size: 1073741824
Narrow klass base: 0x0000000000000000, Narrow klass shift: 3, Narrow klass range: 0x140000000

GC Precious Log:
 CardTable entry size: 512
 CPUs: 8 total, 8 available
 Memory: 5965M
 Large Page Support: Disabled
 NUMA Support: Disabled
 Compressed Oops: Enabled (32-bit)
 Alignments: Space 512K, Generation 512K, Heap 2M
 Heap Min Capacity: 100M
 Heap Initial Capacity: 100M
 Heap Max Capacity: 2G
 Pre-touch: Disabled
 Parallel Workers: 8

Heap:
 PSYoungGen      total 29696K, used 512K [0x00000000d5580000, 0x00000000d7680000, 0x0000000100000000)
  eden space 25600K, 2% used [0x00000000d5580000,0x00000000d5600070,0x00000000d6e80000)
  from space 4096K, 0% used [0x00000000d7280000,0x00000000d7280000,0x00000000d7680000)
  to   space 4096K, 0% used [0x00000000d6e80000,0x00000000d6e80000,0x00000000d7280000)
 ParOldGen       total 68608K, used 0K [0x0000000080000000, 0x0000000084300000, 0x00000000d5580000)
  object space 68608K, 0% used [0x0000000080000000,0x0000000080000000,0x0000000084300000)
 Metaspace       used 1396K, committed 1472K, reserved 1114112K
  class space    used 112K, committed 128K, reserved 1048576K

Card table byte_map: [0x00000277cf6b0000,0x00000277cfac0000] _byte_map_base: 0x00000277cf2b0000

Marking Bits: (ParMarkBitMap*) 0x00007ffb9d2ea340
 Begin Bits: [0x00000277e21b0000, 0x00000277e41b0000)
 End Bits:   [0x00000277e41b0000, 0x00000277e61b0000)

Polling page: 0x00000277cdb00000

Metaspace:

Usage:
  Non-class:      1.25 MB used.
      Class:    112.47 KB used.
       Both:      1.36 MB used.

Virtual space:
  Non-class space:       64.00 MB reserved,       1.31 MB (  2%) committed,  1 nodes.
      Class space:        1.00 GB reserved,     128.00 KB ( <1%) committed,  1 nodes.
             Both:        1.06 GB reserved,       1.44 MB ( <1%) committed. 

Chunk freelists:
   Non-Class:  12.00 MB
       Class:  15.75 MB
        Both:  27.75 MB

MaxMetaspaceSize: unlimited
CompressedClassSpaceSize: 1.00 GB
Initial GC threshold: 21.00 MB
Current GC threshold: 17179869184.00 GB
CDS: off
 - commit_granule_bytes: 65536.
 - commit_granule_words: 8192.
 - virtual_space_node_default_size: 8388608.
 - enlarge_chunks_in_place: 1.
 - use_allocation_guard: 0.


Internal statistics:

num_allocs_failed_limit: 0.
num_arena_births: 2.
num_arena_deaths: 0.
num_vsnodes_births: 2.
num_vsnodes_deaths: 0.
num_space_committed: 23.
num_space_uncommitted: 0.
num_chunks_returned_to_freelist: 0.
num_chunks_taken_from_freelist: 3.
num_chunk_merges: 0.
num_chunk_splits: 2.
num_chunks_enlarged: 0.
num_inconsistent_stats: 0.

CodeHeap 'non-profiled nmethods': size=120000Kb used=0Kb max_used=0Kb free=120000Kb
 bounds [0x00000277da9d0000, 0x00000277dac40000, 0x00000277e1f00000]
CodeHeap 'profiled nmethods': size=120000Kb used=0Kb max_used=0Kb free=120000Kb
 bounds [0x00000277d2f00000, 0x00000277d3170000, 0x00000277da430000]
CodeHeap 'non-nmethods': size=5760Kb used=194Kb max_used=342Kb free=5565Kb
 bounds [0x00000277da430000, 0x00000277da6a0000, 0x00000277da9d0000]
CodeCache: size=245760Kb, used=194Kb, max_used=342Kb, free=245565Kb
 total_blobs=70, nmethods=0, adapters=48, full_count=0
Compilation: enabled, stopped_count=0, restarted_count=0

Compilation events (0 events):
No events

GC Heap History (0 events):
No events

Dll operation events (2 events):
Event: 0.747 Loaded shared library c:\Users\andre\.vscode\extensions\redhat.java-1.44.0-win32-x64\jre\21.0.8-win32-x86_64\bin\java.dll
Event: 0.949 Loaded shared library c:\Users\andre\.vscode\extensions\redhat.java-1.44.0-win32-x64\jre\21.0.8-win32-x86_64\bin\zip.dll

Deoptimization events (0 events):
No events

Classes loaded (20 events):
Event: 1.308 Loading class java/util/Iterator
Event: 1.309 Loading class java/util/Iterator done
Event: 1.309 Loading class java/lang/reflect/RecordComponent
Event: 1.309 Loading class java/lang/reflect/RecordComponent done
Event: 1.309 Loading class jdk/internal/vm/vector/VectorSupport
Event: 1.310 Loading class jdk/internal/vm/vector/VectorSupport done
Event: 1.311 Loading class jdk/internal/vm/vector/VectorSupport$VectorPayload
Event: 1.311 Loading class jdk/internal/vm/vector/VectorSupport$VectorPayload done
Event: 1.311 Loading class jdk/internal/vm/vector/VectorSupport$Vector
Event: 1.311 Loading class jdk/internal/vm/vector/VectorSupport$Vector done
Event: 1.311 Loading class jdk/internal/vm/vector/VectorSupport$VectorMask
Event: 1.311 Loading class jdk/internal/vm/vector/VectorSupport$VectorMask done
Event: 1.311 Loading class jdk/internal/vm/vector/VectorSupport$VectorShuffle
Event: 1.311 Loading class jdk/internal/vm/vector/VectorSupport$VectorShuffle done
Event: 1.311 Loading class jdk/internal/vm/FillerObject
Event: 1.311 Loading class jdk/internal/vm/FillerObject done
Event: 1.343 Loading class java/lang/NullPointerException
Event: 1.343 Loading class java/lang/NullPointerException done
Event: 1.343 Loading class java/lang/ArithmeticException
Event: 1.343 Loading class java/lang/ArithmeticException done

Classes unloaded (0 events):
No events

Classes redefined (0 events):
No events

Internal exceptions (0 events):
No events

ZGC Phase Switch (0 events):
No events

VM Operations (0 events):
No events

Memory protections (0 events):
No events

Nmethod flushes (0 events):
No events

Events (1 events):
Event: 0.915 Thread 0x00000277cfd12840 Thread added: 0x00000277cfd12840


Dynamic libraries:
0x00007ff712e50000 - 0x00007ff712e5e000 	c:\Users\andre\.vscode\extensions\redhat.java-1.44.0-win32-x64\jre\21.0.8-win32-x86_64\bin\java.exe
0x00007ffbf1310000 - 0x00007ffbf1527000 	C:\Windows\SYSTEM32\ntdll.dll
0x00007ffbefe60000 - 0x00007ffbeff24000 	C:\Windows\System32\KERNEL32.DLL
0x00007ffbee6e0000 - 0x00007ffbeeab2000 	C:\Windows\System32\KERNELBASE.dll
0x00007ffbeec80000 - 0x00007ffbeed91000 	C:\Windows\System32\ucrtbase.dll
0x00007ffbdad40000 - 0x00007ffbdad58000 	c:\Users\andre\.vscode\extensions\redhat.java-1.44.0-win32-x64\jre\21.0.8-win32-x86_64\bin\jli.dll
0x00007ffbd9b00000 - 0x00007ffbd9b1e000 	c:\Users\andre\.vscode\extensions\redhat.java-1.44.0-win32-x64\jre\21.0.8-win32-x86_64\bin\VCRUNTIME140.dll
0x00007ffbefc70000 - 0x00007ffbefe21000 	C:\Windows\System32\USER32.dll
0x00007ffbd1880000 - 0x00007ffbd1b1b000 	C:\Windows\WinSxS\amd64_microsoft.windows.common-controls_6595b64144ccf1df_6.0.22621.5547_none_27104afb73855772\COMCTL32.dll
0x00007ffbf0d90000 - 0x00007ffbf0e37000 	C:\Windows\System32\msvcrt.dll
0x00007ffbefe30000 - 0x00007ffbefe59000 	C:\Windows\System32\GDI32.dll
0x00007ffbeef10000 - 0x00007ffbeef36000 	C:\Windows\System32\win32u.dll
0x00007ffbee5b0000 - 0x00007ffbee6d3000 	C:\Windows\System32\gdi32full.dll
0x00007ffbee510000 - 0x00007ffbee5aa000 	C:\Windows\System32\msvcp_win.dll
0x00007ffbeff30000 - 0x00007ffbeff61000 	C:\Windows\System32\IMM32.DLL
0x00007ffbec040000 - 0x00007ffbec04c000 	c:\Users\andre\.vscode\extensions\redhat.java-1.44.0-win32-x64\jre\21.0.8-win32-x86_64\bin\vcruntime140_1.dll
0x00007ffbd6980000 - 0x00007ffbd6a0d000 	c:\Users\andre\.vscode\extensions\redhat.java-1.44.0-win32-x64\jre\21.0.8-win32-x86_64\bin\msvcp140.dll
0x00007ffb9c630000 - 0x00007ffb9d3c7000 	c:\Users\andre\.vscode\extensions\redhat.java-1.44.0-win32-x64\jre\21.0.8-win32-x86_64\bin\server\jvm.dll
0x00007ffbef590000 - 0x00007ffbef641000 	C:\Windows\System32\ADVAPI32.dll
0x00007ffbf0ff0000 - 0x00007ffbf1098000 	C:\Windows\System32\sechost.dll
0x00007ffbeef40000 - 0x00007ffbeef68000 	C:\Windows\System32\bcrypt.dll
0x00007ffbf01c0000 - 0x00007ffbf02d4000 	C:\Windows\System32\RPCRT4.dll
0x00007ffbf0140000 - 0x00007ffbf01b1000 	C:\Windows\System32\WS2_32.dll
0x00007ffbede50000 - 0x00007ffbede9d000 	C:\Windows\SYSTEM32\POWRPROF.dll
0x00007ffbe4000000 - 0x00007ffbe400a000 	C:\Windows\SYSTEM32\VERSION.dll
0x00007ffbe8d70000 - 0x00007ffbe8da4000 	C:\Windows\SYSTEM32\WINMM.dll
0x00007ffbede30000 - 0x00007ffbede43000 	C:\Windows\SYSTEM32\UMPDC.dll
0x00007ffbed3d0000 - 0x00007ffbed3e8000 	C:\Windows\SYSTEM32\kernel.appcore.dll
0x00007ffbdaf90000 - 0x00007ffbdaf9a000 	c:\Users\andre\.vscode\extensions\redhat.java-1.44.0-win32-x64\jre\21.0.8-win32-x86_64\bin\jimage.dll
0x00007ffbebdf0000 - 0x00007ffbec023000 	C:\Windows\SYSTEM32\DBGHELP.DLL
0x00007ffbeefa0000 - 0x00007ffbef333000 	C:\Windows\System32\combase.dll
0x00007ffbf03f0000 - 0x00007ffbf04c7000 	C:\Windows\System32\OLEAUT32.dll
0x00007ffbd6b10000 - 0x00007ffbd6b42000 	C:\Windows\SYSTEM32\dbgcore.DLL
0x00007ffbeeac0000 - 0x00007ffbeeb3b000 	C:\Windows\System32\bcryptPrimitives.dll
0x00007ffbdacd0000 - 0x00007ffbdacdf000 	c:\Users\andre\.vscode\extensions\redhat.java-1.44.0-win32-x64\jre\21.0.8-win32-x86_64\bin\instrument.dll
0x00007ffbd6a30000 - 0x00007ffbd6a4f000 	c:\Users\andre\.vscode\extensions\redhat.java-1.44.0-win32-x64\jre\21.0.8-win32-x86_64\bin\java.dll
0x00007ffbbd040000 - 0x00007ffbbd058000 	c:\Users\andre\.vscode\extensions\redhat.java-1.44.0-win32-x64\jre\21.0.8-win32-x86_64\bin\zip.dll

JVMTI agents:
c:\Users\andre\.vscode\extensions\redhat.java-1.44.0-win32-x64\lombok\lombok-1.18.39-4050.jar path:none, loaded, not initialized, instrumentlib options:none

dbghelp: loaded successfully - version: 4.0.5 - missing functions: none
symbol engine: initialized successfully - sym options: 0x614 - pdb path: .;c:\Users\andre\.vscode\extensions\redhat.java-1.44.0-win32-x64\jre\21.0.8-win32-x86_64\bin;C:\Windows\SYSTEM32;C:\Windows\WinSxS\amd64_microsoft.windows.common-controls_6595b64144ccf1df_6.0.22621.5547_none_27104afb73855772;c:\Users\andre\.vscode\extensions\redhat.java-1.44.0-win32-x64\jre\21.0.8-win32-x86_64\bin\server

VM Arguments:
jvm_args: --add-modules=ALL-SYSTEM --add-opens=java.base/java.util=ALL-UNNAMED --add-opens=java.base/java.lang=ALL-UNNAMED --add-opens=java.base/sun.nio.fs=ALL-UNNAMED -Declipse.application=org.eclipse.jdt.ls.core.id1 -Dosgi.bundles.defaultStartLevel=4 -Declipse.product=org.eclipse.jdt.ls.core.product -Djava.import.generatesMetadataFilesAtProjectRoot=false -DDetectVMInstallationsJob.disabled=true -Dfile.encoding=utf8 -XX:+UseParallelGC -XX:GCTimeRatio=4 -XX:AdaptiveSizePolicyWeight=90 -Dsun.zip.disableMemoryMapping=true -Xmx2G -Xms100m -Xlog:disable -javaagent:c:\Users\andre\.vscode\extensions\redhat.java-1.44.0-win32-x64\lombok\lombok-1.18.39-4050.jar -XX:+HeapDumpOnOutOfMemoryError -XX:HeapDumpPath=c:\Users\andre\AppData\Roaming\Code\User\workspaceStorage\2d5448ae8308d3bbb337b6c3cdaecd3a\redhat.java -Daether.dependencyCollector.impl=bf 
java_command: c:\Users\andre\.vscode\extensions\redhat.java-1.44.0-win32-x64\server\plugins\org.eclipse.equinox.launcher_1.7.0.v20250519-0528.jar -configuration c:\Users\andre\AppData\Roaming\Code\User\globalStorage\redhat.java\1.44.0\config_win -data c:\Users\andre\AppData\Roaming\Code\User\workspaceStorage\2d5448ae8308d3bbb337b6c3cdaecd3a\redhat.java\jdt_ws --pipe=\\.\pipe\lsp-d470cd039d533b2e14cb8acfcbc08783-sock
java_class_path (initial): c:\Users\andre\.vscode\extensions\redhat.java-1.44.0-win32-x64\server\plugins\org.eclipse.equinox.launcher_1.7.0.v20250519-0528.jar
Launcher Type: SUN_STANDARD

[Global flags]
    uintx AdaptiveSizePolicyWeight                 = 90                                        {product} {command line}
     intx CICompilerCount                          = 4                                         {product} {ergonomic}
    uintx GCTimeRatio                              = 4                                         {product} {command line}
     bool HeapDumpOnOutOfMemoryError               = true                                   {manageable} {command line}
    ccstr HeapDumpPath                             = c:\Users\andre\AppData\Roaming\Code\User\workspaceStorage\2d5448ae8308d3bbb337b6c3cdaecd3a\redhat.java         {manageable} {command line}
   size_t InitialHeapSize                          = 104857600                                 {product} {command line}
   size_t MaxHeapSize                              = 2147483648                                {product} {command line}
   size_t MaxNewSize                               = 715653120                                 {product} {ergonomic}
   size_t MinHeapDeltaBytes                        = 524288                                    {product} {ergonomic}
   size_t MinHeapSize                              = 104857600                                 {product} {command line}
   size_t NewSize                                  = 34603008                                  {product} {ergonomic}
    uintx NonNMethodCodeHeapSize                   = 5839372                                {pd product} {ergonomic}
    uintx NonProfiledCodeHeapSize                  = 122909434                              {pd product} {ergonomic}
   size_t OldSize                                  = 70254592                                  {product} {ergonomic}
    uintx ProfiledCodeHeapSize                     = 122909434                              {pd product} {ergonomic}
    uintx ReservedCodeCacheSize                    = 251658240                              {pd product} {ergonomic}
     bool SegmentedCodeCache                       = true                                      {product} {ergonomic}
   size_t SoftMaxHeapSize                          = 2147483648                             {manageable} {ergonomic}
     bool UseCompressedOops                        = true                           {product lp64_product} {ergonomic}
     bool UseLargePagesIndividualAllocation        = false                                  {pd product} {ergonomic}
     bool UseParallelGC                            = true                                      {product} {command line}

Logging:
Log output configuration:
 #0: stdout all=off uptime,level,tags foldmultilines=false
 #1: stderr all=off uptime,level,tags foldmultilines=false

Environment Variables:
JAVA_HOME=C:\Program Files\Java\jdk-21
PATH=C:\Program Files\Microsoft SDKs\Azure\CLI2\wbin;C:\Program Files\Common Files\Oracle\Java\javapath;C:\Program Files (x86)\Common Files\Oracle\Java\javapath;C:\Program Files (x86)\VMware\VMware Player\bin\;C:\Program Files\Eclipse Adoptium\jdk-17.0.8.7-hotspot\bin;C:\Windows\system32;C:\Windows;C:\Windows\System32\Wbem;C:\Windows\System32\WindowsPowerShell\v1.0\;C:\Windows\System32\OpenSSH\;C:\apache-maven-3.9.4\\bin;C:\Program Files\Java\jdk-21\bin;C:\Program Files\Docker\Docker\resources\bin;C:\Gradle\gradle-8.6\bin;C:\Program Files\Amazon\AWSSAMCLI\bin\;C:\ProgramData\chocolatey\bin;C:\Program Files\7-Zip;C:\Program Files\dotnet\;C:\Program Files\Amazon\AWSCLIV2\;C:\Program Files\nodejs\;C:\Program Files\Git\cmd;C:\Users\andre\scoop\shims;C:\Users\andre\AppData\Local\Microsoft\WindowsApps;C:\Users\andre\AppData\Local\Programs\Microsoft VS Code\bin;C:\Users\andre\AppData\Local\Programs\Fiddler;C:\Users\andre\.dotnet\tools;C:\Users\andre\AppData\Local\Programs\Python\Python311\;C:\Users\andre\AppData\Local\Programs\Python\Python311\Scripts\;C:\Users\andre\AppData\Local\Packages\PythonSoftwareFoundation.Python.3.11_qbz5n2kfra8p0\LocalCache\local-packages\Python311\Scripts;C:\Users\andre\AppData\Roaming\npm
USERNAME=andre
OS=Windows_NT
PROCESSOR_IDENTIFIER=AMD64 Family 23 Model 160 Stepping 0, AuthenticAMD
TMP=C:\Users\andre\AppData\Local\Temp
TEMP=C:\Users\andre\AppData\Local\Temp




Periodic native trim disabled

---------------  S Y S T E M  ---------------

OS:
 Windows 11 , 64 bit Build 22621 (10.0.22621.5415)
OS uptime: 5 days 1:53 hours
Hyper-V role detected

CPU: total 8 (initial active 8) (8 cores per cpu, 2 threads per core) family 23 model 160 stepping 0 microcode 0x0, cx8, cmov, fxsr, ht, mmx, 3dnowpref, sse, sse2, sse3, ssse3, sse4a, sse4.1, sse4.2, popcnt, lzcnt, tsc, tscinvbit, avx, avx2, aes, clmul, bmi1, bmi2, adx, sha, fma, vzeroupper, clflush, clflushopt, hv, rdtscp, rdpid, f16c
Processor Information for the first 8 processors :
  Max Mhz: 2801, Current Mhz: 2801, Mhz Limit: 2801

Memory: 4k page, system-wide physical 5965M (10M free)
TotalPageFile size 24397M (AvailPageFile size 1M)
current process WorkingSet (physical memory assigned to process): 17M, peak: 17M
current process commit charge ("private bytes"): 184M, peak: 191M

vm_info: OpenJDK 64-Bit Server VM (21.0.8+9-LTS) for windows-amd64 JRE (21.0.8+9-LTS), built on 2025-07-15T00:00:00Z by "admin" with MS VC++ 17.7 (VS2022)

END.
